This is pdfTeX, Version 3.141592653-2.6-1.40.24 (MiKTeX 23.1) (preloaded format=pdflatex 2023.7.12)  18 APR 2024 02:07
entering extended mode
 restricted \write18 enabled.
 file:line:error style messages enabled.
 %&-line parsing enabled.
**c:/Users/chris/OneDrive/Desktop/Masters/Report/Masters1.tex
(c:/Users/chris/OneDrive/Desktop/Masters/Report/Masters1.tex
LaTeX2e <2023-06-01> patch level 1
L3 programming layer <2023-06-30>
(C:\tex\tex/latex/base\book.cls
Document Class: book 2023/05/17 v1.4n Standard LaTeX document class
(C:\tex\tex/latex/base\bk10.clo
File: bk10.clo 2023/05/17 v1.4n Standard LaTeX file (size option)
)
\c@part=\count185
\c@chapter=\count186
\c@section=\count187
\c@subsection=\count188
\c@subsubsection=\count189
\c@paragraph=\count190
\c@subparagraph=\count191
\c@figure=\count192
\c@table=\count193
\abovecaptionskip=\skip48
\belowcaptionskip=\skip49
\bibindent=\dimen140
) (C:\tex\tex/latex/todo\todo.sty
Package: todo 2010/03/31 v2.4142 To-do list (Federico Garcia)
 (C:\tex\tex/latex/amsfonts\amssymb.sty
Package: amssymb 2013/01/14 v3.01 AMS font symbols
 (C:\tex\tex/latex/amsfonts\amsfonts.sty
Package: amsfonts 2013/01/14 v3.01 Basic AMSFonts support
\@emptytoks=\toks17
\symAMSa=\mathgroup4
\symAMSb=\mathgroup5
LaTeX Font Info:    Redeclaring math symbol \hbar on input line 98.
LaTeX Font Info:    Overwriting math alphabet `\mathfrak' in version `bold'
(Font)                  U/euf/m/n --> U/euf/b/n on input line 106.
))
\@todotoks=\toks18
\c@todo=\count194
) (C:\tex\tex/latex/l3backend\l3backend-pdftex.def
File: l3backend-pdftex.def 2023-04-19 L3 backend support: PDF output (pdfTeX)
\l__color_backend_stack_int=\count195
\l__pdf_internal_box=\box51
) (Masters1.aux (abstract.aux) (litReview.aux))
\openout1 = `Masters1.aux'.

LaTeX Font Info:    Checking defaults for OML/cmm/m/it on input line 7.
LaTeX Font Info:    ... okay on input line 7.
LaTeX Font Info:    Checking defaults for OMS/cmsy/m/n on input line 7.
LaTeX Font Info:    ... okay on input line 7.
LaTeX Font Info:    Checking defaults for OT1/cmr/m/n on input line 7.
LaTeX Font Info:    ... okay on input line 7.
LaTeX Font Info:    Checking defaults for T1/cmr/m/n on input line 7.
LaTeX Font Info:    ... okay on input line 7.
LaTeX Font Info:    Checking defaults for TS1/cmr/m/n on input line 7.
LaTeX Font Info:    ... okay on input line 7.
LaTeX Font Info:    Checking defaults for OMX/cmex/m/n on input line 7.
LaTeX Font Info:    ... okay on input line 7.
LaTeX Font Info:    Checking defaults for U/cmr/m/n on input line 7.
LaTeX Font Info:    ... okay on input line 7.
\openout2 = `abstract.aux'.

 (abstract.tex
Chapter 1.
[1



{C:/Users/chris/AppData/Local/MiKTeX/fonts/map/pdftex/pdftex.map}]) [2]
\openout2 = `litReview.aux'.

 (litReview.tex
Chapter 2.
[3




] [4

]
Chapter 3.
LaTeX Font Info:    Trying to load font information for U+msa on input line 94.
(C:\tex\tex/latex/amsfonts\umsa.fd
File: umsa.fd 2013/01/14 v3.01 AMS symbols A
)
LaTeX Font Info:    Trying to load font information for U+msb on input line 94.
 (C:\tex\tex/latex/amsfonts\umsb.fd
File: umsb.fd 2013/01/14 v3.01 AMS symbols B
) [5]
Overfull \hbox (8.34721pt too wide) in paragraph at lines 109--110
[]\OT1/cmr/m/n/10 Behavioral plan-ning pro-vides in-for-ma-tion about the high-
 []

) [6] (Masters1.bbl [7



] [8

] [9]) [10] (Masters1.aux (abstract.aux) (litReview.aux))
 ***********
LaTeX2e <2023-06-01> patch level 1
L3 programming layer <2023-06-30>
 ***********
 ) 
Here is how much of TeX's memory you used:
 1177 strings out of 475508
 17798 string characters out of 5779240
 1923238 words of memory out of 5000000
 22436 multiletter control sequences out of 15000+600000
 568189 words of font info for 74 fonts, out of 8000000 for 9000
 1141 hyphenation exceptions out of 8191
 56i,6n,65p,3921b,228s stack positions out of 10000i,1000n,20000p,200000b,200000s
{C:/tex/fonts/enc/dvips/cm-super/cm-super-ts1.enc}<C:/tex/fonts/type1/public/amsfonts/cm/cmbx10.pfb><C:/tex/fonts/type1/public/amsfonts/cm/cmbx12.pfb><C:/tex/fonts/type1/public/amsfonts/cm/cmbx7.pfb><C:/tex/fonts/type1/public/amsfonts/cm/cmr10.pfb><C:/tex/fonts/type1/public/amsfonts/cm/cmr12.pfb><C:/tex/fonts/type1/public/amsfonts/cm/cmr7.pfb><C:/tex/fonts/type1/public/amsfonts/cm/cmsl10.pfb><C:/tex/fonts/type1/public/amsfonts/cm/cmsy10.pfb><C:/tex/fonts/type1/public/amsfonts/cm/cmti10.pfb><C:/tex/fonts/type1/public/amsfonts/symbols/msam10.pfb><C:/tex/fonts/type1/public/cm-super/sfrm1000.pfb>
Output written on Masters1.pdf (10 pages, 158279 bytes).
PDF statistics:
 91 PDF objects out of 1000 (max. 8388607)
 0 named destinations out of 1000 (max. 500000)
 1 words of extra memory for PDF output out of 10000 (max. 10000000)

