[0.158s] Invoking command in '/home/chris/Desktop/Masters/ROS2/Udemy_ws/build/my_robot_interfaces': CMAKE_PREFIX_PATH=/opt/ros/humble /usr/bin/cmake /home/chris/Desktop/Masters/ROS2/Udemy_ws/src/my_robot_interfaces -DCMAKE_INSTALL_PREFIX=/home/chris/Desktop/Masters/ROS2/Udemy_ws/install/my_robot_interfaces
[0.486s] -- The C compiler identification is GNU 11.4.0
[0.609s] -- The CXX compiler identification is GNU 11.4.0
[0.616s] -- Detecting C compiler ABI info
[0.689s] -- Detecting C compiler ABI info - done
[0.694s] -- Check for working C compiler: /usr/bin/cc - skipped
[0.694s] -- Detecting C compile features
[0.719s] -- Detecting C compile features - done
[0.731s] -- Detecting CXX compiler ABI info
[0.805s] -- Detecting CXX compiler ABI info - done
[0.810s] -- Check for working CXX compiler: /usr/bin/c++ - skipped
[0.810s] -- Detecting CXX compile features
[0.810s] -- Detecting CXX compile features - done
[0.927s] -- Found ament_cmake: 1.3.8 (/opt/ros/humble/share/ament_cmake/cmake)
[1.236s] -- Found Python3: /usr/bin/python3 (found version "3.10.12") found components: Interpreter 
[1.472s] -- Found rosidl_default_generators: 1.2.0 (/opt/ros/humble/share/rosidl_default_generators/cmake)
[1.481s] -- Using all available rosidl_typesupport_c: rosidl_typesupport_fastrtps_c;rosidl_typesupport_introspection_c
[1.522s] -- Found rosidl_adapter: 3.1.5 (/opt/ros/humble/share/rosidl_adapter/cmake)
[1.820s] -- Using all available rosidl_typesupport_cpp: rosidl_typesupport_fastrtps_cpp;rosidl_typesupport_introspection_cpp
[2.108s] -- Found ament_cmake_ros: 0.10.0 (/opt/ros/humble/share/ament_cmake_ros/cmake)
[2.277s] -- Using all available rosidl_typesupport_c: rosidl_typesupport_fastrtps_c;rosidl_typesupport_introspection_c
[2.428s] -- Using all available rosidl_typesupport_cpp: rosidl_typesupport_fastrtps_cpp;rosidl_typesupport_introspection_cpp
[2.452s] -- Found PythonInterp: /usr/bin/python3 (found suitable version "3.10.12", minimum required is "3.6") 
[2.475s] -- Found python_cmake_module: 0.10.0 (/opt/ros/humble/share/python_cmake_module/cmake)
[2.527s] -- Found PythonLibs: /usr/lib/x86_64-linux-gnu/libpython3.10.so (found suitable version "3.10.12", minimum required is "3.5") 
[2.527s] -- Using PYTHON_EXECUTABLE: /usr/bin/python3
[2.527s] -- Using PYTHON_INCLUDE_DIRS: /usr/include/python3.10
[2.528s] -- Using PYTHON_LIBRARIES: /usr/lib/x86_64-linux-gnu/libpython3.10.so
[2.551s] -- Found PythonExtra: .so  
[2.577s] -- Configuring done
[2.623s] -- Generating done
[2.624s] -- Build files have been written to: /home/chris/Desktop/Masters/ROS2/Udemy_ws/build/my_robot_interfaces
[2.629s] Invoked command in '/home/chris/Desktop/Masters/ROS2/Udemy_ws/build/my_robot_interfaces' returned '0': CMAKE_PREFIX_PATH=/opt/ros/humble /usr/bin/cmake /home/chris/Desktop/Masters/ROS2/Udemy_ws/src/my_robot_interfaces -DCMAKE_INSTALL_PREFIX=/home/chris/Desktop/Masters/ROS2/Udemy_ws/install/my_robot_interfaces
[2.629s] Invoking command in '/home/chris/Desktop/Masters/ROS2/Udemy_ws/build/my_robot_interfaces': CMAKE_PREFIX_PATH=/opt/ros/humble /usr/bin/cmake --build /home/chris/Desktop/Masters/ROS2/Udemy_ws/build/my_robot_interfaces -- -j16 -l16
[2.656s] [  1%] [34m[1mGenerating C code for ROS interfaces[0m
[2.663s] [  3%] [34m[1mGenerating C++ code for ROS interfaces[0m
[2.668s] [  3%] Built target ament_cmake_python_copy_my_robot_interfaces
[2.819s] running egg_info
[2.820s] creating my_robot_interfaces.egg-info
[2.820s] writing my_robot_interfaces.egg-info/PKG-INFO
[2.820s] writing dependency_links to my_robot_interfaces.egg-info/dependency_links.txt
[2.820s] writing top-level names to my_robot_interfaces.egg-info/top_level.txt
[2.820s] writing manifest file 'my_robot_interfaces.egg-info/SOURCES.txt'
[2.821s] reading manifest file 'my_robot_interfaces.egg-info/SOURCES.txt'
[2.822s] writing manifest file 'my_robot_interfaces.egg-info/SOURCES.txt'
[2.838s] [  3%] Built target ament_cmake_python_build_my_robot_interfaces_egg
[3.014s] [  3%] Built target my_robot_interfaces__cpp
[3.021s] [  9%] [34m[1mGenerating C++ type support for eProsima Fast-RTPS[0m
[3.021s] [  9%] [34m[1mGenerating C++ introspection for ROS interfaces[0m
[3.022s] [  9%] [34m[1mGenerating C++ type support dispatch for ROS interfaces[0m
[3.045s] [ 16%] [32mBuilding C object CMakeFiles/my_robot_interfaces__rosidl_generator_c.dir/rosidl_generator_c/my_robot_interfaces/srv/detail/compute_rectangle_area__functions.c.o[0m
[3.045s] [ 16%] [32mBuilding C object CMakeFiles/my_robot_interfaces__rosidl_generator_c.dir/rosidl_generator_c/my_robot_interfaces/msg/detail/led_state_array__functions.c.o[0m
[3.045s] [ 16%] [32mBuilding C object CMakeFiles/my_robot_interfaces__rosidl_generator_c.dir/rosidl_generator_c/my_robot_interfaces/msg/detail/hardware_status__functions.c.o[0m
[3.045s] [ 16%] [32mBuilding C object CMakeFiles/my_robot_interfaces__rosidl_generator_c.dir/rosidl_generator_c/my_robot_interfaces/srv/detail/set_led__functions.c.o[0m
[3.221s] [ 20%] [32mBuilding CXX object CMakeFiles/my_robot_interfaces__rosidl_typesupport_cpp.dir/rosidl_typesupport_cpp/my_robot_interfaces/msg/hardware_status__type_support.cpp.o[0m
[3.221s] [ 20%] [32mBuilding CXX object CMakeFiles/my_robot_interfaces__rosidl_typesupport_cpp.dir/rosidl_typesupport_cpp/my_robot_interfaces/msg/led_state_array__type_support.cpp.o[0m
[3.221s] [ 21%] [32mBuilding CXX object CMakeFiles/my_robot_interfaces__rosidl_typesupport_cpp.dir/rosidl_typesupport_cpp/my_robot_interfaces/srv/compute_rectangle_area__type_support.cpp.o[0m
[3.221s] [ 23%] [32mBuilding CXX object CMakeFiles/my_robot_interfaces__rosidl_typesupport_cpp.dir/rosidl_typesupport_cpp/my_robot_interfaces/srv/set_led__type_support.cpp.o[0m
[3.254s] [ 30%] [32mBuilding CXX object CMakeFiles/my_robot_interfaces__rosidl_typesupport_introspection_cpp.dir/rosidl_typesupport_introspection_cpp/my_robot_interfaces/msg/detail/hardware_status__type_support.cpp.o[0m
[3.254s] [ 30%] [32mBuilding CXX object CMakeFiles/my_robot_interfaces__rosidl_typesupport_introspection_cpp.dir/rosidl_typesupport_introspection_cpp/my_robot_interfaces/srv/detail/set_led__type_support.cpp.o[0m
[3.254s] [ 30%] [32mBuilding CXX object CMakeFiles/my_robot_interfaces__rosidl_typesupport_introspection_cpp.dir/rosidl_typesupport_introspection_cpp/my_robot_interfaces/srv/detail/compute_rectangle_area__type_support.cpp.o[0m
[3.254s] [ 30%] [32mBuilding CXX object CMakeFiles/my_robot_interfaces__rosidl_typesupport_introspection_cpp.dir/rosidl_typesupport_introspection_cpp/my_robot_interfaces/msg/detail/led_state_array__type_support.cpp.o[0m
[3.289s] [ 38%] [32mBuilding CXX object CMakeFiles/my_robot_interfaces__rosidl_typesupport_fastrtps_cpp.dir/rosidl_typesupport_fastrtps_cpp/my_robot_interfaces/msg/detail/dds_fastrtps/led_state_array__type_support.cpp.o[0m
[3.289s] [ 38%] [32mBuilding CXX object CMakeFiles/my_robot_interfaces__rosidl_typesupport_fastrtps_cpp.dir/rosidl_typesupport_fastrtps_cpp/my_robot_interfaces/msg/detail/dds_fastrtps/hardware_status__type_support.cpp.o[0m
[3.289s] [ 38%] [32mBuilding CXX object CMakeFiles/my_robot_interfaces__rosidl_typesupport_fastrtps_cpp.dir/rosidl_typesupport_fastrtps_cpp/my_robot_interfaces/srv/detail/dds_fastrtps/compute_rectangle_area__type_support.cpp.o[0m
[3.289s] [ 38%] [32mBuilding CXX object CMakeFiles/my_robot_interfaces__rosidl_typesupport_fastrtps_cpp.dir/rosidl_typesupport_fastrtps_cpp/my_robot_interfaces/srv/detail/dds_fastrtps/set_led__type_support.cpp.o[0m
[3.313s] [ 40%] [32m[1mLinking C shared library libmy_robot_interfaces__rosidl_generator_c.so[0m
[3.336s] [ 40%] Built target my_robot_interfaces__rosidl_generator_c
[3.342s] [ 45%] [34m[1mGenerating C introspection for ROS interfaces[0m
[3.342s] [ 45%] [34m[1mGenerating C type support for eProsima Fast-RTPS[0m
[3.342s] [ 45%] [34m[1mGenerating C type support dispatch for ROS interfaces[0m
[3.567s] [ 49%] [32mBuilding CXX object CMakeFiles/my_robot_interfaces__rosidl_typesupport_c.dir/rosidl_typesupport_c/my_robot_interfaces/msg/hardware_status__type_support.cpp.o[0m
[3.567s] [ 49%] [32mBuilding CXX object CMakeFiles/my_robot_interfaces__rosidl_typesupport_c.dir/rosidl_typesupport_c/my_robot_interfaces/msg/led_state_array__type_support.cpp.o[0m
[3.586s] [ 52%] [32mBuilding CXX object CMakeFiles/my_robot_interfaces__rosidl_typesupport_c.dir/rosidl_typesupport_c/my_robot_interfaces/srv/compute_rectangle_area__type_support.cpp.o[0m
[3.586s] [ 52%] [32mBuilding CXX object CMakeFiles/my_robot_interfaces__rosidl_typesupport_c.dir/rosidl_typesupport_c/my_robot_interfaces/srv/set_led__type_support.cpp.o[0m
[3.607s] [ 54%] [32m[1mLinking CXX shared library libmy_robot_interfaces__rosidl_typesupport_c.so[0m
[3.633s] [ 54%] Built target my_robot_interfaces__rosidl_typesupport_c
[3.644s] [ 61%] [32mBuilding C object CMakeFiles/my_robot_interfaces__rosidl_typesupport_introspection_c.dir/rosidl_typesupport_introspection_c/my_robot_interfaces/msg/detail/led_state_array__type_support.c.o[0m
[3.644s] [ 61%] [32mBuilding CXX object CMakeFiles/my_robot_interfaces__rosidl_typesupport_fastrtps_c.dir/rosidl_typesupport_fastrtps_c/my_robot_interfaces/msg/detail/hardware_status__type_support_c.cpp.o[0m
[3.644s] [ 61%] [32mBuilding C object CMakeFiles/my_robot_interfaces__rosidl_typesupport_introspection_c.dir/rosidl_typesupport_introspection_c/my_robot_interfaces/msg/detail/hardware_status__type_support.c.o[0m
[3.644s] [ 61%] [32mBuilding CXX object CMakeFiles/my_robot_interfaces__rosidl_typesupport_fastrtps_c.dir/rosidl_typesupport_fastrtps_c/my_robot_interfaces/msg/detail/led_state_array__type_support_c.cpp.o[0m
[3.726s] [ 63%] [32mBuilding C object CMakeFiles/my_robot_interfaces__rosidl_typesupport_introspection_c.dir/rosidl_typesupport_introspection_c/my_robot_interfaces/srv/detail/compute_rectangle_area__type_support.c.o[0m
[3.728s] [ 65%] [32mBuilding C object CMakeFiles/my_robot_interfaces__rosidl_typesupport_introspection_c.dir/rosidl_typesupport_introspection_c/my_robot_interfaces/srv/detail/set_led__type_support.c.o[0m
[3.753s] [ 69%] [32mBuilding CXX object CMakeFiles/my_robot_interfaces__rosidl_typesupport_fastrtps_c.dir/rosidl_typesupport_fastrtps_c/my_robot_interfaces/srv/detail/compute_rectangle_area__type_support_c.cpp.o[0m
[3.753s] [ 69%] [32m[1mLinking C shared library libmy_robot_interfaces__rosidl_typesupport_introspection_c.so[0m
[3.772s] [ 69%] Built target my_robot_interfaces__rosidl_typesupport_introspection_c
[3.777s] [ 70%] [32mBuilding CXX object CMakeFiles/my_robot_interfaces__rosidl_typesupport_fastrtps_c.dir/rosidl_typesupport_fastrtps_c/my_robot_interfaces/srv/detail/set_led__type_support_c.cpp.o[0m
[3.949s] [ 72%] [32m[1mLinking CXX shared library libmy_robot_interfaces__rosidl_typesupport_cpp.so[0m
[3.976s] [ 72%] Built target my_robot_interfaces__rosidl_typesupport_cpp
[4.282s] [ 74%] [32m[1mLinking CXX shared library libmy_robot_interfaces__rosidl_typesupport_introspection_cpp.so[0m
[4.295s] [ 78%] [32m[1mLinking CXX shared library libmy_robot_interfaces__rosidl_typesupport_fastrtps_c.so[0m
[4.295s] [ 78%] [32m[1mLinking CXX shared library libmy_robot_interfaces__rosidl_typesupport_fastrtps_cpp.so[0m
[4.337s] [ 78%] Built target my_robot_interfaces__rosidl_typesupport_introspection_cpp
[4.352s] [ 78%] Built target my_robot_interfaces__rosidl_typesupport_fastrtps_cpp
[4.352s] [ 78%] Built target my_robot_interfaces__rosidl_typesupport_fastrtps_c
[4.373s] [ 78%] Built target my_robot_interfaces
[4.393s] [ 80%] [34m[1mGenerating Python code for ROS interfaces[0m
[4.851s] [ 80%] Built target my_robot_interfaces__py
[4.862s] [ 87%] [32mBuilding C object CMakeFiles/my_robot_interfaces__rosidl_generator_py.dir/rosidl_generator_py/my_robot_interfaces/srv/_set_led_s.c.o[0m
[4.862s] [ 87%] [32mBuilding C object CMakeFiles/my_robot_interfaces__rosidl_generator_py.dir/rosidl_generator_py/my_robot_interfaces/msg/_led_state_array_s.c.o[0m
[4.862s] [ 87%] [32mBuilding C object CMakeFiles/my_robot_interfaces__rosidl_generator_py.dir/rosidl_generator_py/my_robot_interfaces/msg/_hardware_status_s.c.o[0m
[4.863s] [ 87%] [32mBuilding C object CMakeFiles/my_robot_interfaces__rosidl_generator_py.dir/rosidl_generator_py/my_robot_interfaces/srv/_compute_rectangle_area_s.c.o[0m
[5.449s] [ 89%] [32m[1mLinking C shared library rosidl_generator_py/my_robot_interfaces/libmy_robot_interfaces__rosidl_generator_py.so[0m
[5.478s] [ 89%] Built target my_robot_interfaces__rosidl_generator_py
[5.492s] [ 94%] [32mBuilding C object CMakeFiles/my_robot_interfaces__rosidl_typesupport_c__pyext.dir/rosidl_generator_py/my_robot_interfaces/_my_robot_interfaces_s.ep.rosidl_typesupport_c.c.o[0m
[5.492s] [ 94%] [32mBuilding C object CMakeFiles/my_robot_interfaces__rosidl_typesupport_introspection_c__pyext.dir/rosidl_generator_py/my_robot_interfaces/_my_robot_interfaces_s.ep.rosidl_typesupport_introspection_c.c.o[0m
[5.492s] [ 94%] [32mBuilding C object CMakeFiles/my_robot_interfaces__rosidl_typesupport_fastrtps_c__pyext.dir/rosidl_generator_py/my_robot_interfaces/_my_robot_interfaces_s.ep.rosidl_typesupport_fastrtps_c.c.o[0m
[5.555s] [ 98%] [32m[1mLinking C shared library rosidl_generator_py/my_robot_interfaces/my_robot_interfaces_s__rosidl_typesupport_c.cpython-310-x86_64-linux-gnu.so[0m
[5.555s] [ 98%] [32m[1mLinking C shared library rosidl_generator_py/my_robot_interfaces/my_robot_interfaces_s__rosidl_typesupport_introspection_c.cpython-310-x86_64-linux-gnu.so[0m
[5.556s] [100%] [32m[1mLinking C shared library rosidl_generator_py/my_robot_interfaces/my_robot_interfaces_s__rosidl_typesupport_fastrtps_c.cpython-310-x86_64-linux-gnu.so[0m
[5.574s] [100%] Built target my_robot_interfaces__rosidl_typesupport_introspection_c__pyext
[5.574s] [100%] Built target my_robot_interfaces__rosidl_typesupport_c__pyext
[5.576s] [100%] Built target my_robot_interfaces__rosidl_typesupport_fastrtps_c__pyext
[5.583s] Invoked command in '/home/chris/Desktop/Masters/ROS2/Udemy_ws/build/my_robot_interfaces' returned '0': CMAKE_PREFIX_PATH=/opt/ros/humble /usr/bin/cmake --build /home/chris/Desktop/Masters/ROS2/Udemy_ws/build/my_robot_interfaces -- -j16 -l16
[5.811s] Invoking command in '/home/chris/Desktop/Masters/ROS2/Udemy_ws/build/my_robot_interfaces': CMAKE_PREFIX_PATH=/opt/ros/humble /usr/bin/cmake --install /home/chris/Desktop/Masters/ROS2/Udemy_ws/build/my_robot_interfaces
[5.817s] -- Install configuration: ""
[5.818s] -- Installing: /home/chris/Desktop/Masters/ROS2/Udemy_ws/install/my_robot_interfaces/share/ament_index/resource_index/rosidl_interfaces/my_robot_interfaces
[5.818s] -- Installing: /home/chris/Desktop/Masters/ROS2/Udemy_ws/install/my_robot_interfaces/include/my_robot_interfaces/my_robot_interfaces
[5.818s] -- Installing: /home/chris/Desktop/Masters/ROS2/Udemy_ws/install/my_robot_interfaces/include/my_robot_interfaces/my_robot_interfaces/srv
[5.818s] -- Installing: /home/chris/Desktop/Masters/ROS2/Udemy_ws/install/my_robot_interfaces/include/my_robot_interfaces/my_robot_interfaces/srv/detail
[5.818s] -- Installing: /home/chris/Desktop/Masters/ROS2/Udemy_ws/install/my_robot_interfaces/include/my_robot_interfaces/my_robot_interfaces/srv/detail/compute_rectangle_area__struct.h
[5.818s] -- Installing: /home/chris/Desktop/Masters/ROS2/Udemy_ws/install/my_robot_interfaces/include/my_robot_interfaces/my_robot_interfaces/srv/detail/set_led__functions.c
[5.818s] -- Installing: /home/chris/Desktop/Masters/ROS2/Udemy_ws/install/my_robot_interfaces/include/my_robot_interfaces/my_robot_interfaces/srv/detail/set_led__functions.h
[5.818s] -- Installing: /home/chris/Desktop/Masters/ROS2/Udemy_ws/install/my_robot_interfaces/include/my_robot_interfaces/my_robot_interfaces/srv/detail/set_led__struct.h
[5.818s] -- Installing: /home/chris/Desktop/Masters/ROS2/Udemy_ws/install/my_robot_interfaces/include/my_robot_interfaces/my_robot_interfaces/srv/detail/set_led__type_support.h
[5.818s] -- Installing: /home/chris/Desktop/Masters/ROS2/Udemy_ws/install/my_robot_interfaces/include/my_robot_interfaces/my_robot_interfaces/srv/detail/compute_rectangle_area__functions.h
[5.818s] -- Installing: /home/chris/Desktop/Masters/ROS2/Udemy_ws/install/my_robot_interfaces/include/my_robot_interfaces/my_robot_interfaces/srv/detail/compute_rectangle_area__type_support.h
[5.818s] -- Installing: /home/chris/Desktop/Masters/ROS2/Udemy_ws/install/my_robot_interfaces/include/my_robot_interfaces/my_robot_interfaces/srv/detail/compute_rectangle_area__functions.c
[5.818s] -- Installing: /home/chris/Desktop/Masters/ROS2/Udemy_ws/install/my_robot_interfaces/include/my_robot_interfaces/my_robot_interfaces/srv/set_led.h
[5.818s] -- Installing: /home/chris/Desktop/Masters/ROS2/Udemy_ws/install/my_robot_interfaces/include/my_robot_interfaces/my_robot_interfaces/srv/compute_rectangle_area.h
[5.818s] -- Installing: /home/chris/Desktop/Masters/ROS2/Udemy_ws/install/my_robot_interfaces/include/my_robot_interfaces/my_robot_interfaces/msg
[5.819s] -- Installing: /home/chris/Desktop/Masters/ROS2/Udemy_ws/install/my_robot_interfaces/include/my_robot_interfaces/my_robot_interfaces/msg/detail
[5.819s] -- Installing: /home/chris/Desktop/Masters/ROS2/Udemy_ws/install/my_robot_interfaces/include/my_robot_interfaces/my_robot_interfaces/msg/detail/led_state_array__type_support.h
[5.819s] -- Installing: /home/chris/Desktop/Masters/ROS2/Udemy_ws/install/my_robot_interfaces/include/my_robot_interfaces/my_robot_interfaces/msg/detail/hardware_status__functions.c
[5.819s] -- Installing: /home/chris/Desktop/Masters/ROS2/Udemy_ws/install/my_robot_interfaces/include/my_robot_interfaces/my_robot_interfaces/msg/detail/hardware_status__functions.h
[5.819s] -- Installing: /home/chris/Desktop/Masters/ROS2/Udemy_ws/install/my_robot_interfaces/include/my_robot_interfaces/my_robot_interfaces/msg/detail/led_state_array__functions.c
[5.819s] -- Installing: /home/chris/Desktop/Masters/ROS2/Udemy_ws/install/my_robot_interfaces/include/my_robot_interfaces/my_robot_interfaces/msg/detail/hardware_status__struct.h
[5.819s] -- Installing: /home/chris/Desktop/Masters/ROS2/Udemy_ws/install/my_robot_interfaces/include/my_robot_interfaces/my_robot_interfaces/msg/detail/led_state_array__functions.h
[5.819s] -- Installing: /home/chris/Desktop/Masters/ROS2/Udemy_ws/install/my_robot_interfaces/include/my_robot_interfaces/my_robot_interfaces/msg/detail/led_state_array__struct.h
[5.819s] -- Installing: /home/chris/Desktop/Masters/ROS2/Udemy_ws/install/my_robot_interfaces/include/my_robot_interfaces/my_robot_interfaces/msg/detail/hardware_status__type_support.h
[5.819s] -- Installing: /home/chris/Desktop/Masters/ROS2/Udemy_ws/install/my_robot_interfaces/include/my_robot_interfaces/my_robot_interfaces/msg/rosidl_generator_c__visibility_control.h
[5.819s] -- Installing: /home/chris/Desktop/Masters/ROS2/Udemy_ws/install/my_robot_interfaces/include/my_robot_interfaces/my_robot_interfaces/msg/led_state_array.h
[5.819s] -- Installing: /home/chris/Desktop/Masters/ROS2/Udemy_ws/install/my_robot_interfaces/include/my_robot_interfaces/my_robot_interfaces/msg/hardware_status.h
[5.819s] -- Installing: /home/chris/Desktop/Masters/ROS2/Udemy_ws/install/my_robot_interfaces/share/my_robot_interfaces/environment/library_path.sh
[5.819s] -- Installing: /home/chris/Desktop/Masters/ROS2/Udemy_ws/install/my_robot_interfaces/share/my_robot_interfaces/environment/library_path.dsv
[5.819s] -- Installing: /home/chris/Desktop/Masters/ROS2/Udemy_ws/install/my_robot_interfaces/lib/libmy_robot_interfaces__rosidl_generator_c.so
[5.820s] -- Set runtime path of "/home/chris/Desktop/Masters/ROS2/Udemy_ws/install/my_robot_interfaces/lib/libmy_robot_interfaces__rosidl_generator_c.so" to ""
[5.820s] -- Up-to-date: /home/chris/Desktop/Masters/ROS2/Udemy_ws/install/my_robot_interfaces/include/my_robot_interfaces/my_robot_interfaces
[5.820s] -- Up-to-date: /home/chris/Desktop/Masters/ROS2/Udemy_ws/install/my_robot_interfaces/include/my_robot_interfaces/my_robot_interfaces/srv
[5.820s] -- Up-to-date: /home/chris/Desktop/Masters/ROS2/Udemy_ws/install/my_robot_interfaces/include/my_robot_interfaces/my_robot_interfaces/srv/detail
[5.820s] -- Installing: /home/chris/Desktop/Masters/ROS2/Udemy_ws/install/my_robot_interfaces/include/my_robot_interfaces/my_robot_interfaces/srv/detail/set_led__rosidl_typesupport_fastrtps_c.h
[5.820s] -- Installing: /home/chris/Desktop/Masters/ROS2/Udemy_ws/install/my_robot_interfaces/include/my_robot_interfaces/my_robot_interfaces/srv/detail/compute_rectangle_area__rosidl_typesupport_fastrtps_c.h
[5.820s] -- Up-to-date: /home/chris/Desktop/Masters/ROS2/Udemy_ws/install/my_robot_interfaces/include/my_robot_interfaces/my_robot_interfaces/msg
[5.820s] -- Installing: /home/chris/Desktop/Masters/ROS2/Udemy_ws/install/my_robot_interfaces/include/my_robot_interfaces/my_robot_interfaces/msg/rosidl_typesupport_fastrtps_c__visibility_control.h
[5.820s] -- Up-to-date: /home/chris/Desktop/Masters/ROS2/Udemy_ws/install/my_robot_interfaces/include/my_robot_interfaces/my_robot_interfaces/msg/detail
[5.820s] -- Installing: /home/chris/Desktop/Masters/ROS2/Udemy_ws/install/my_robot_interfaces/include/my_robot_interfaces/my_robot_interfaces/msg/detail/hardware_status__rosidl_typesupport_fastrtps_c.h
[5.820s] -- Installing: /home/chris/Desktop/Masters/ROS2/Udemy_ws/install/my_robot_interfaces/include/my_robot_interfaces/my_robot_interfaces/msg/detail/led_state_array__rosidl_typesupport_fastrtps_c.h
[5.820s] -- Installing: /home/chris/Desktop/Masters/ROS2/Udemy_ws/install/my_robot_interfaces/lib/libmy_robot_interfaces__rosidl_typesupport_fastrtps_c.so
[5.820s] -- Set runtime path of "/home/chris/Desktop/Masters/ROS2/Udemy_ws/install/my_robot_interfaces/lib/libmy_robot_interfaces__rosidl_typesupport_fastrtps_c.so" to ""
[5.820s] -- Up-to-date: /home/chris/Desktop/Masters/ROS2/Udemy_ws/install/my_robot_interfaces/include/my_robot_interfaces/my_robot_interfaces
[5.820s] -- Up-to-date: /home/chris/Desktop/Masters/ROS2/Udemy_ws/install/my_robot_interfaces/include/my_robot_interfaces/my_robot_interfaces/srv
[5.820s] -- Up-to-date: /home/chris/Desktop/Masters/ROS2/Udemy_ws/install/my_robot_interfaces/include/my_robot_interfaces/my_robot_interfaces/srv/detail
[5.820s] -- Installing: /home/chris/Desktop/Masters/ROS2/Udemy_ws/install/my_robot_interfaces/include/my_robot_interfaces/my_robot_interfaces/srv/detail/set_led__type_support.c
[5.820s] -- Installing: /home/chris/Desktop/Masters/ROS2/Udemy_ws/install/my_robot_interfaces/include/my_robot_interfaces/my_robot_interfaces/srv/detail/compute_rectangle_area__type_support.c
[5.820s] -- Installing: /home/chris/Desktop/Masters/ROS2/Udemy_ws/install/my_robot_interfaces/include/my_robot_interfaces/my_robot_interfaces/srv/detail/set_led__rosidl_typesupport_introspection_c.h
[5.820s] -- Installing: /home/chris/Desktop/Masters/ROS2/Udemy_ws/install/my_robot_interfaces/include/my_robot_interfaces/my_robot_interfaces/srv/detail/compute_rectangle_area__rosidl_typesupport_introspection_c.h
[5.820s] -- Up-to-date: /home/chris/Desktop/Masters/ROS2/Udemy_ws/install/my_robot_interfaces/include/my_robot_interfaces/my_robot_interfaces/msg
[5.821s] -- Installing: /home/chris/Desktop/Masters/ROS2/Udemy_ws/install/my_robot_interfaces/include/my_robot_interfaces/my_robot_interfaces/msg/rosidl_typesupport_introspection_c__visibility_control.h
[5.821s] -- Up-to-date: /home/chris/Desktop/Masters/ROS2/Udemy_ws/install/my_robot_interfaces/include/my_robot_interfaces/my_robot_interfaces/msg/detail
[5.821s] -- Installing: /home/chris/Desktop/Masters/ROS2/Udemy_ws/install/my_robot_interfaces/include/my_robot_interfaces/my_robot_interfaces/msg/detail/led_state_array__rosidl_typesupport_introspection_c.h
[5.821s] -- Installing: /home/chris/Desktop/Masters/ROS2/Udemy_ws/install/my_robot_interfaces/include/my_robot_interfaces/my_robot_interfaces/msg/detail/hardware_status__rosidl_typesupport_introspection_c.h
[5.821s] -- Installing: /home/chris/Desktop/Masters/ROS2/Udemy_ws/install/my_robot_interfaces/include/my_robot_interfaces/my_robot_interfaces/msg/detail/led_state_array__type_support.c
[5.821s] -- Installing: /home/chris/Desktop/Masters/ROS2/Udemy_ws/install/my_robot_interfaces/include/my_robot_interfaces/my_robot_interfaces/msg/detail/hardware_status__type_support.c
[5.821s] -- Installing: /home/chris/Desktop/Masters/ROS2/Udemy_ws/install/my_robot_interfaces/lib/libmy_robot_interfaces__rosidl_typesupport_introspection_c.so
[5.821s] -- Set runtime path of "/home/chris/Desktop/Masters/ROS2/Udemy_ws/install/my_robot_interfaces/lib/libmy_robot_interfaces__rosidl_typesupport_introspection_c.so" to ""
[5.821s] -- Installing: /home/chris/Desktop/Masters/ROS2/Udemy_ws/install/my_robot_interfaces/lib/libmy_robot_interfaces__rosidl_typesupport_c.so
[5.821s] -- Set runtime path of "/home/chris/Desktop/Masters/ROS2/Udemy_ws/install/my_robot_interfaces/lib/libmy_robot_interfaces__rosidl_typesupport_c.so" to ""
[5.821s] -- Up-to-date: /home/chris/Desktop/Masters/ROS2/Udemy_ws/install/my_robot_interfaces/include/my_robot_interfaces/my_robot_interfaces
[5.821s] -- Up-to-date: /home/chris/Desktop/Masters/ROS2/Udemy_ws/install/my_robot_interfaces/include/my_robot_interfaces/my_robot_interfaces/srv
[5.821s] -- Installing: /home/chris/Desktop/Masters/ROS2/Udemy_ws/install/my_robot_interfaces/include/my_robot_interfaces/my_robot_interfaces/srv/set_led.hpp
[5.821s] -- Installing: /home/chris/Desktop/Masters/ROS2/Udemy_ws/install/my_robot_interfaces/include/my_robot_interfaces/my_robot_interfaces/srv/compute_rectangle_area.hpp
[5.821s] -- Up-to-date: /home/chris/Desktop/Masters/ROS2/Udemy_ws/install/my_robot_interfaces/include/my_robot_interfaces/my_robot_interfaces/srv/detail
[5.821s] -- Installing: /home/chris/Desktop/Masters/ROS2/Udemy_ws/install/my_robot_interfaces/include/my_robot_interfaces/my_robot_interfaces/srv/detail/compute_rectangle_area__struct.hpp
[5.821s] -- Installing: /home/chris/Desktop/Masters/ROS2/Udemy_ws/install/my_robot_interfaces/include/my_robot_interfaces/my_robot_interfaces/srv/detail/set_led__traits.hpp
[5.821s] -- Installing: /home/chris/Desktop/Masters/ROS2/Udemy_ws/install/my_robot_interfaces/include/my_robot_interfaces/my_robot_interfaces/srv/detail/compute_rectangle_area__traits.hpp
[5.821s] -- Installing: /home/chris/Desktop/Masters/ROS2/Udemy_ws/install/my_robot_interfaces/include/my_robot_interfaces/my_robot_interfaces/srv/detail/set_led__builder.hpp
[5.821s] -- Installing: /home/chris/Desktop/Masters/ROS2/Udemy_ws/install/my_robot_interfaces/include/my_robot_interfaces/my_robot_interfaces/srv/detail/set_led__struct.hpp
[5.821s] -- Installing: /home/chris/Desktop/Masters/ROS2/Udemy_ws/install/my_robot_interfaces/include/my_robot_interfaces/my_robot_interfaces/srv/detail/compute_rectangle_area__builder.hpp
[5.822s] -- Up-to-date: /home/chris/Desktop/Masters/ROS2/Udemy_ws/install/my_robot_interfaces/include/my_robot_interfaces/my_robot_interfaces/msg
[5.822s] -- Installing: /home/chris/Desktop/Masters/ROS2/Udemy_ws/install/my_robot_interfaces/include/my_robot_interfaces/my_robot_interfaces/msg/led_state_array.hpp
[5.822s] -- Up-to-date: /home/chris/Desktop/Masters/ROS2/Udemy_ws/install/my_robot_interfaces/include/my_robot_interfaces/my_robot_interfaces/msg/detail
[5.822s] -- Installing: /home/chris/Desktop/Masters/ROS2/Udemy_ws/install/my_robot_interfaces/include/my_robot_interfaces/my_robot_interfaces/msg/detail/hardware_status__builder.hpp
[5.822s] -- Installing: /home/chris/Desktop/Masters/ROS2/Udemy_ws/install/my_robot_interfaces/include/my_robot_interfaces/my_robot_interfaces/msg/detail/led_state_array__builder.hpp
[5.822s] -- Installing: /home/chris/Desktop/Masters/ROS2/Udemy_ws/install/my_robot_interfaces/include/my_robot_interfaces/my_robot_interfaces/msg/detail/led_state_array__struct.hpp
[5.822s] -- Installing: /home/chris/Desktop/Masters/ROS2/Udemy_ws/install/my_robot_interfaces/include/my_robot_interfaces/my_robot_interfaces/msg/detail/hardware_status__traits.hpp
[5.822s] -- Installing: /home/chris/Desktop/Masters/ROS2/Udemy_ws/install/my_robot_interfaces/include/my_robot_interfaces/my_robot_interfaces/msg/detail/hardware_status__struct.hpp
[5.822s] -- Installing: /home/chris/Desktop/Masters/ROS2/Udemy_ws/install/my_robot_interfaces/include/my_robot_interfaces/my_robot_interfaces/msg/detail/led_state_array__traits.hpp
[5.822s] -- Installing: /home/chris/Desktop/Masters/ROS2/Udemy_ws/install/my_robot_interfaces/include/my_robot_interfaces/my_robot_interfaces/msg/hardware_status.hpp
[5.822s] -- Up-to-date: /home/chris/Desktop/Masters/ROS2/Udemy_ws/install/my_robot_interfaces/include/my_robot_interfaces/my_robot_interfaces
[5.822s] -- Up-to-date: /home/chris/Desktop/Masters/ROS2/Udemy_ws/install/my_robot_interfaces/include/my_robot_interfaces/my_robot_interfaces/srv
[5.822s] -- Up-to-date: /home/chris/Desktop/Masters/ROS2/Udemy_ws/install/my_robot_interfaces/include/my_robot_interfaces/my_robot_interfaces/srv/detail
[5.822s] -- Installing: /home/chris/Desktop/Masters/ROS2/Udemy_ws/install/my_robot_interfaces/include/my_robot_interfaces/my_robot_interfaces/srv/detail/compute_rectangle_area__rosidl_typesupport_fastrtps_cpp.hpp
[5.822s] -- Installing: /home/chris/Desktop/Masters/ROS2/Udemy_ws/install/my_robot_interfaces/include/my_robot_interfaces/my_robot_interfaces/srv/detail/dds_fastrtps
[5.822s] -- Installing: /home/chris/Desktop/Masters/ROS2/Udemy_ws/install/my_robot_interfaces/include/my_robot_interfaces/my_robot_interfaces/srv/detail/set_led__rosidl_typesupport_fastrtps_cpp.hpp
[5.822s] -- Up-to-date: /home/chris/Desktop/Masters/ROS2/Udemy_ws/install/my_robot_interfaces/include/my_robot_interfaces/my_robot_interfaces/msg
[5.822s] -- Installing: /home/chris/Desktop/Masters/ROS2/Udemy_ws/install/my_robot_interfaces/include/my_robot_interfaces/my_robot_interfaces/msg/rosidl_typesupport_fastrtps_cpp__visibility_control.h
[5.822s] -- Up-to-date: /home/chris/Desktop/Masters/ROS2/Udemy_ws/install/my_robot_interfaces/include/my_robot_interfaces/my_robot_interfaces/msg/detail
[5.822s] -- Installing: /home/chris/Desktop/Masters/ROS2/Udemy_ws/install/my_robot_interfaces/include/my_robot_interfaces/my_robot_interfaces/msg/detail/hardware_status__rosidl_typesupport_fastrtps_cpp.hpp
[5.822s] -- Installing: /home/chris/Desktop/Masters/ROS2/Udemy_ws/install/my_robot_interfaces/include/my_robot_interfaces/my_robot_interfaces/msg/detail/led_state_array__rosidl_typesupport_fastrtps_cpp.hpp
[5.822s] -- Installing: /home/chris/Desktop/Masters/ROS2/Udemy_ws/install/my_robot_interfaces/include/my_robot_interfaces/my_robot_interfaces/msg/detail/dds_fastrtps
[5.822s] -- Installing: /home/chris/Desktop/Masters/ROS2/Udemy_ws/install/my_robot_interfaces/lib/libmy_robot_interfaces__rosidl_typesupport_fastrtps_cpp.so
[5.822s] -- Set runtime path of "/home/chris/Desktop/Masters/ROS2/Udemy_ws/install/my_robot_interfaces/lib/libmy_robot_interfaces__rosidl_typesupport_fastrtps_cpp.so" to ""
[5.823s] -- Up-to-date: /home/chris/Desktop/Masters/ROS2/Udemy_ws/install/my_robot_interfaces/include/my_robot_interfaces/my_robot_interfaces
[5.823s] -- Up-to-date: /home/chris/Desktop/Masters/ROS2/Udemy_ws/install/my_robot_interfaces/include/my_robot_interfaces/my_robot_interfaces/srv
[5.823s] -- Up-to-date: /home/chris/Desktop/Masters/ROS2/Udemy_ws/install/my_robot_interfaces/include/my_robot_interfaces/my_robot_interfaces/srv/detail
[5.823s] -- Installing: /home/chris/Desktop/Masters/ROS2/Udemy_ws/install/my_robot_interfaces/include/my_robot_interfaces/my_robot_interfaces/srv/detail/compute_rectangle_area__type_support.cpp
[5.823s] -- Installing: /home/chris/Desktop/Masters/ROS2/Udemy_ws/install/my_robot_interfaces/include/my_robot_interfaces/my_robot_interfaces/srv/detail/set_led__rosidl_typesupport_introspection_cpp.hpp
[5.823s] -- Installing: /home/chris/Desktop/Masters/ROS2/Udemy_ws/install/my_robot_interfaces/include/my_robot_interfaces/my_robot_interfaces/srv/detail/compute_rectangle_area__rosidl_typesupport_introspection_cpp.hpp
[5.823s] -- Installing: /home/chris/Desktop/Masters/ROS2/Udemy_ws/install/my_robot_interfaces/include/my_robot_interfaces/my_robot_interfaces/srv/detail/set_led__type_support.cpp
[5.823s] -- Up-to-date: /home/chris/Desktop/Masters/ROS2/Udemy_ws/install/my_robot_interfaces/include/my_robot_interfaces/my_robot_interfaces/msg
[5.823s] -- Up-to-date: /home/chris/Desktop/Masters/ROS2/Udemy_ws/install/my_robot_interfaces/include/my_robot_interfaces/my_robot_interfaces/msg/detail
[5.823s] -- Installing: /home/chris/Desktop/Masters/ROS2/Udemy_ws/install/my_robot_interfaces/include/my_robot_interfaces/my_robot_interfaces/msg/detail/hardware_status__rosidl_typesupport_introspection_cpp.hpp
[5.823s] -- Installing: /home/chris/Desktop/Masters/ROS2/Udemy_ws/install/my_robot_interfaces/include/my_robot_interfaces/my_robot_interfaces/msg/detail/hardware_status__type_support.cpp
[5.823s] -- Installing: /home/chris/Desktop/Masters/ROS2/Udemy_ws/install/my_robot_interfaces/include/my_robot_interfaces/my_robot_interfaces/msg/detail/led_state_array__rosidl_typesupport_introspection_cpp.hpp
[5.823s] -- Installing: /home/chris/Desktop/Masters/ROS2/Udemy_ws/install/my_robot_interfaces/include/my_robot_interfaces/my_robot_interfaces/msg/detail/led_state_array__type_support.cpp
[5.823s] -- Installing: /home/chris/Desktop/Masters/ROS2/Udemy_ws/install/my_robot_interfaces/lib/libmy_robot_interfaces__rosidl_typesupport_introspection_cpp.so
[5.823s] -- Set runtime path of "/home/chris/Desktop/Masters/ROS2/Udemy_ws/install/my_robot_interfaces/lib/libmy_robot_interfaces__rosidl_typesupport_introspection_cpp.so" to ""
[5.823s] -- Installing: /home/chris/Desktop/Masters/ROS2/Udemy_ws/install/my_robot_interfaces/lib/libmy_robot_interfaces__rosidl_typesupport_cpp.so
[5.823s] -- Set runtime path of "/home/chris/Desktop/Masters/ROS2/Udemy_ws/install/my_robot_interfaces/lib/libmy_robot_interfaces__rosidl_typesupport_cpp.so" to ""
[5.823s] -- Installing: /home/chris/Desktop/Masters/ROS2/Udemy_ws/install/my_robot_interfaces/share/my_robot_interfaces/environment/pythonpath.sh
[5.823s] -- Installing: /home/chris/Desktop/Masters/ROS2/Udemy_ws/install/my_robot_interfaces/share/my_robot_interfaces/environment/pythonpath.dsv
[5.823s] -- Installing: /home/chris/Desktop/Masters/ROS2/Udemy_ws/install/my_robot_interfaces/local/lib/python3.10/dist-packages/my_robot_interfaces-0.0.0-py3.10.egg-info
[5.824s] -- Installing: /home/chris/Desktop/Masters/ROS2/Udemy_ws/install/my_robot_interfaces/local/lib/python3.10/dist-packages/my_robot_interfaces-0.0.0-py3.10.egg-info/top_level.txt
[5.824s] -- Installing: /home/chris/Desktop/Masters/ROS2/Udemy_ws/install/my_robot_interfaces/local/lib/python3.10/dist-packages/my_robot_interfaces-0.0.0-py3.10.egg-info/dependency_links.txt
[5.824s] -- Installing: /home/chris/Desktop/Masters/ROS2/Udemy_ws/install/my_robot_interfaces/local/lib/python3.10/dist-packages/my_robot_interfaces-0.0.0-py3.10.egg-info/PKG-INFO
[5.824s] -- Installing: /home/chris/Desktop/Masters/ROS2/Udemy_ws/install/my_robot_interfaces/local/lib/python3.10/dist-packages/my_robot_interfaces-0.0.0-py3.10.egg-info/SOURCES.txt
[5.824s] -- Installing: /home/chris/Desktop/Masters/ROS2/Udemy_ws/install/my_robot_interfaces/local/lib/python3.10/dist-packages/my_robot_interfaces
[5.824s] -- Installing: /home/chris/Desktop/Masters/ROS2/Udemy_ws/install/my_robot_interfaces/local/lib/python3.10/dist-packages/my_robot_interfaces/__init__.py
[5.824s] -- Installing: /home/chris/Desktop/Masters/ROS2/Udemy_ws/install/my_robot_interfaces/local/lib/python3.10/dist-packages/my_robot_interfaces/srv
[5.824s] -- Installing: /home/chris/Desktop/Masters/ROS2/Udemy_ws/install/my_robot_interfaces/local/lib/python3.10/dist-packages/my_robot_interfaces/srv/__init__.py
[5.824s] -- Installing: /home/chris/Desktop/Masters/ROS2/Udemy_ws/install/my_robot_interfaces/local/lib/python3.10/dist-packages/my_robot_interfaces/srv/_set_led_s.c
[5.824s] -- Installing: /home/chris/Desktop/Masters/ROS2/Udemy_ws/install/my_robot_interfaces/local/lib/python3.10/dist-packages/my_robot_interfaces/srv/_compute_rectangle_area_s.c
[5.824s] -- Installing: /home/chris/Desktop/Masters/ROS2/Udemy_ws/install/my_robot_interfaces/local/lib/python3.10/dist-packages/my_robot_interfaces/srv/_set_led.py
[5.824s] -- Installing: /home/chris/Desktop/Masters/ROS2/Udemy_ws/install/my_robot_interfaces/local/lib/python3.10/dist-packages/my_robot_interfaces/srv/_compute_rectangle_area.py
[5.824s] -- Installing: /home/chris/Desktop/Masters/ROS2/Udemy_ws/install/my_robot_interfaces/local/lib/python3.10/dist-packages/my_robot_interfaces/_my_robot_interfaces_s.ep.rosidl_typesupport_c.c
[5.824s] -- Installing: /home/chris/Desktop/Masters/ROS2/Udemy_ws/install/my_robot_interfaces/local/lib/python3.10/dist-packages/my_robot_interfaces/_my_robot_interfaces_s.ep.rosidl_typesupport_introspection_c.c
[5.824s] -- Installing: /home/chris/Desktop/Masters/ROS2/Udemy_ws/install/my_robot_interfaces/local/lib/python3.10/dist-packages/my_robot_interfaces/_my_robot_interfaces_s.ep.rosidl_typesupport_fastrtps_c.c
[5.824s] -- Installing: /home/chris/Desktop/Masters/ROS2/Udemy_ws/install/my_robot_interfaces/local/lib/python3.10/dist-packages/my_robot_interfaces/libmy_robot_interfaces__rosidl_generator_py.so
[5.824s] -- Installing: /home/chris/Desktop/Masters/ROS2/Udemy_ws/install/my_robot_interfaces/local/lib/python3.10/dist-packages/my_robot_interfaces/my_robot_interfaces_s__rosidl_typesupport_c.cpython-310-x86_64-linux-gnu.so
[5.824s] -- Installing: /home/chris/Desktop/Masters/ROS2/Udemy_ws/install/my_robot_interfaces/local/lib/python3.10/dist-packages/my_robot_interfaces/my_robot_interfaces_s__rosidl_typesupport_fastrtps_c.cpython-310-x86_64-linux-gnu.so
[5.824s] -- Installing: /home/chris/Desktop/Masters/ROS2/Udemy_ws/install/my_robot_interfaces/local/lib/python3.10/dist-packages/my_robot_interfaces/my_robot_interfaces_s__rosidl_typesupport_introspection_c.cpython-310-x86_64-linux-gnu.so
[5.825s] -- Installing: /home/chris/Desktop/Masters/ROS2/Udemy_ws/install/my_robot_interfaces/local/lib/python3.10/dist-packages/my_robot_interfaces/msg
[5.825s] -- Installing: /home/chris/Desktop/Masters/ROS2/Udemy_ws/install/my_robot_interfaces/local/lib/python3.10/dist-packages/my_robot_interfaces/msg/__init__.py
[5.825s] -- Installing: /home/chris/Desktop/Masters/ROS2/Udemy_ws/install/my_robot_interfaces/local/lib/python3.10/dist-packages/my_robot_interfaces/msg/_hardware_status_s.c
[5.825s] -- Installing: /home/chris/Desktop/Masters/ROS2/Udemy_ws/install/my_robot_interfaces/local/lib/python3.10/dist-packages/my_robot_interfaces/msg/_led_state_array.py
[5.825s] -- Installing: /home/chris/Desktop/Masters/ROS2/Udemy_ws/install/my_robot_interfaces/local/lib/python3.10/dist-packages/my_robot_interfaces/msg/_hardware_status.py
[5.825s] -- Installing: /home/chris/Desktop/Masters/ROS2/Udemy_ws/install/my_robot_interfaces/local/lib/python3.10/dist-packages/my_robot_interfaces/msg/_led_state_array_s.c
[5.847s] Listing '/home/chris/Desktop/Masters/ROS2/Udemy_ws/install/my_robot_interfaces/local/lib/python3.10/dist-packages/my_robot_interfaces'...
[5.847s] Compiling '/home/chris/Desktop/Masters/ROS2/Udemy_ws/install/my_robot_interfaces/local/lib/python3.10/dist-packages/my_robot_interfaces/__init__.py'...
[5.847s] Listing '/home/chris/Desktop/Masters/ROS2/Udemy_ws/install/my_robot_interfaces/local/lib/python3.10/dist-packages/my_robot_interfaces/msg'...
[5.847s] Compiling '/home/chris/Desktop/Masters/ROS2/Udemy_ws/install/my_robot_interfaces/local/lib/python3.10/dist-packages/my_robot_interfaces/msg/__init__.py'...
[5.847s] Compiling '/home/chris/Desktop/Masters/ROS2/Udemy_ws/install/my_robot_interfaces/local/lib/python3.10/dist-packages/my_robot_interfaces/msg/_hardware_status.py'...
[5.847s] Compiling '/home/chris/Desktop/Masters/ROS2/Udemy_ws/install/my_robot_interfaces/local/lib/python3.10/dist-packages/my_robot_interfaces/msg/_led_state_array.py'...
[5.847s] Listing '/home/chris/Desktop/Masters/ROS2/Udemy_ws/install/my_robot_interfaces/local/lib/python3.10/dist-packages/my_robot_interfaces/srv'...
[5.847s] Compiling '/home/chris/Desktop/Masters/ROS2/Udemy_ws/install/my_robot_interfaces/local/lib/python3.10/dist-packages/my_robot_interfaces/srv/__init__.py'...
[5.847s] Compiling '/home/chris/Desktop/Masters/ROS2/Udemy_ws/install/my_robot_interfaces/local/lib/python3.10/dist-packages/my_robot_interfaces/srv/_compute_rectangle_area.py'...
[5.847s] Compiling '/home/chris/Desktop/Masters/ROS2/Udemy_ws/install/my_robot_interfaces/local/lib/python3.10/dist-packages/my_robot_interfaces/srv/_set_led.py'...
[5.850s] -- Installing: /home/chris/Desktop/Masters/ROS2/Udemy_ws/install/my_robot_interfaces/local/lib/python3.10/dist-packages/my_robot_interfaces/my_robot_interfaces_s__rosidl_typesupport_fastrtps_c.cpython-310-x86_64-linux-gnu.so
[5.850s] -- Set runtime path of "/home/chris/Desktop/Masters/ROS2/Udemy_ws/install/my_robot_interfaces/local/lib/python3.10/dist-packages/my_robot_interfaces/my_robot_interfaces_s__rosidl_typesupport_fastrtps_c.cpython-310-x86_64-linux-gnu.so" to ""
[5.850s] -- Installing: /home/chris/Desktop/Masters/ROS2/Udemy_ws/install/my_robot_interfaces/local/lib/python3.10/dist-packages/my_robot_interfaces/my_robot_interfaces_s__rosidl_typesupport_introspection_c.cpython-310-x86_64-linux-gnu.so
[5.850s] -- Set runtime path of "/home/chris/Desktop/Masters/ROS2/Udemy_ws/install/my_robot_interfaces/local/lib/python3.10/dist-packages/my_robot_interfaces/my_robot_interfaces_s__rosidl_typesupport_introspection_c.cpython-310-x86_64-linux-gnu.so" to ""
[5.850s] -- Installing: /home/chris/Desktop/Masters/ROS2/Udemy_ws/install/my_robot_interfaces/local/lib/python3.10/dist-packages/my_robot_interfaces/my_robot_interfaces_s__rosidl_typesupport_c.cpython-310-x86_64-linux-gnu.so
[5.850s] -- Set runtime path of "/home/chris/Desktop/Masters/ROS2/Udemy_ws/install/my_robot_interfaces/local/lib/python3.10/dist-packages/my_robot_interfaces/my_robot_interfaces_s__rosidl_typesupport_c.cpython-310-x86_64-linux-gnu.so" to ""
[5.851s] -- Installing: /home/chris/Desktop/Masters/ROS2/Udemy_ws/install/my_robot_interfaces/lib/libmy_robot_interfaces__rosidl_generator_py.so
[5.851s] -- Set runtime path of "/home/chris/Desktop/Masters/ROS2/Udemy_ws/install/my_robot_interfaces/lib/libmy_robot_interfaces__rosidl_generator_py.so" to ""
[5.851s] -- Installing: /home/chris/Desktop/Masters/ROS2/Udemy_ws/install/my_robot_interfaces/share/my_robot_interfaces/msg/HardwareStatus.idl
[5.851s] -- Installing: /home/chris/Desktop/Masters/ROS2/Udemy_ws/install/my_robot_interfaces/share/my_robot_interfaces/msg/LedStateArray.idl
[5.851s] -- Installing: /home/chris/Desktop/Masters/ROS2/Udemy_ws/install/my_robot_interfaces/share/my_robot_interfaces/srv/ComputeRectangleArea.idl
[5.851s] -- Installing: /home/chris/Desktop/Masters/ROS2/Udemy_ws/install/my_robot_interfaces/share/my_robot_interfaces/srv/SetLed.idl
[5.851s] -- Installing: /home/chris/Desktop/Masters/ROS2/Udemy_ws/install/my_robot_interfaces/share/my_robot_interfaces/msg/HardwareStatus.msg
[5.851s] -- Installing: /home/chris/Desktop/Masters/ROS2/Udemy_ws/install/my_robot_interfaces/share/my_robot_interfaces/msg/LedStateArray.msg
[5.851s] -- Installing: /home/chris/Desktop/Masters/ROS2/Udemy_ws/install/my_robot_interfaces/share/my_robot_interfaces/srv/ComputeRectangleArea.srv
[5.851s] -- Installing: /home/chris/Desktop/Masters/ROS2/Udemy_ws/install/my_robot_interfaces/share/my_robot_interfaces/srv/ComputeRectangleArea_Request.msg
[5.851s] -- Installing: /home/chris/Desktop/Masters/ROS2/Udemy_ws/install/my_robot_interfaces/share/my_robot_interfaces/srv/ComputeRectangleArea_Response.msg
[5.851s] -- Installing: /home/chris/Desktop/Masters/ROS2/Udemy_ws/install/my_robot_interfaces/share/my_robot_interfaces/srv/SetLed.srv
[5.851s] -- Installing: /home/chris/Desktop/Masters/ROS2/Udemy_ws/install/my_robot_interfaces/share/my_robot_interfaces/srv/SetLed_Request.msg
[5.851s] -- Installing: /home/chris/Desktop/Masters/ROS2/Udemy_ws/install/my_robot_interfaces/share/my_robot_interfaces/srv/SetLed_Response.msg
[5.852s] -- Installing: /home/chris/Desktop/Masters/ROS2/Udemy_ws/install/my_robot_interfaces/share/ament_index/resource_index/package_run_dependencies/my_robot_interfaces
[5.852s] -- Installing: /home/chris/Desktop/Masters/ROS2/Udemy_ws/install/my_robot_interfaces/share/ament_index/resource_index/parent_prefix_path/my_robot_interfaces
[5.852s] -- Installing: /home/chris/Desktop/Masters/ROS2/Udemy_ws/install/my_robot_interfaces/share/my_robot_interfaces/environment/ament_prefix_path.sh
[5.852s] -- Installing: /home/chris/Desktop/Masters/ROS2/Udemy_ws/install/my_robot_interfaces/share/my_robot_interfaces/environment/ament_prefix_path.dsv
[5.852s] -- Installing: /home/chris/Desktop/Masters/ROS2/Udemy_ws/install/my_robot_interfaces/share/my_robot_interfaces/environment/path.sh
[5.852s] -- Installing: /home/chris/Desktop/Masters/ROS2/Udemy_ws/install/my_robot_interfaces/share/my_robot_interfaces/environment/path.dsv
[5.852s] -- Installing: /home/chris/Desktop/Masters/ROS2/Udemy_ws/install/my_robot_interfaces/share/my_robot_interfaces/local_setup.bash
[5.852s] -- Installing: /home/chris/Desktop/Masters/ROS2/Udemy_ws/install/my_robot_interfaces/share/my_robot_interfaces/local_setup.sh
[5.852s] -- Installing: /home/chris/Desktop/Masters/ROS2/Udemy_ws/install/my_robot_interfaces/share/my_robot_interfaces/local_setup.zsh
[5.852s] -- Installing: /home/chris/Desktop/Masters/ROS2/Udemy_ws/install/my_robot_interfaces/share/my_robot_interfaces/local_setup.dsv
[5.852s] -- Installing: /home/chris/Desktop/Masters/ROS2/Udemy_ws/install/my_robot_interfaces/share/my_robot_interfaces/package.dsv
[5.852s] -- Installing: /home/chris/Desktop/Masters/ROS2/Udemy_ws/install/my_robot_interfaces/share/ament_index/resource_index/packages/my_robot_interfaces
[5.852s] -- Installing: /home/chris/Desktop/Masters/ROS2/Udemy_ws/install/my_robot_interfaces/share/my_robot_interfaces/cmake/export_my_robot_interfaces__rosidl_generator_cExport.cmake
[5.852s] -- Installing: /home/chris/Desktop/Masters/ROS2/Udemy_ws/install/my_robot_interfaces/share/my_robot_interfaces/cmake/export_my_robot_interfaces__rosidl_generator_cExport-noconfig.cmake
[5.852s] -- Installing: /home/chris/Desktop/Masters/ROS2/Udemy_ws/install/my_robot_interfaces/share/my_robot_interfaces/cmake/export_my_robot_interfaces__rosidl_typesupport_fastrtps_cExport.cmake
[5.853s] -- Installing: /home/chris/Desktop/Masters/ROS2/Udemy_ws/install/my_robot_interfaces/share/my_robot_interfaces/cmake/export_my_robot_interfaces__rosidl_typesupport_fastrtps_cExport-noconfig.cmake
[5.853s] -- Installing: /home/chris/Desktop/Masters/ROS2/Udemy_ws/install/my_robot_interfaces/share/my_robot_interfaces/cmake/my_robot_interfaces__rosidl_typesupport_introspection_cExport.cmake
[5.853s] -- Installing: /home/chris/Desktop/Masters/ROS2/Udemy_ws/install/my_robot_interfaces/share/my_robot_interfaces/cmake/my_robot_interfaces__rosidl_typesupport_introspection_cExport-noconfig.cmake
[5.853s] -- Installing: /home/chris/Desktop/Masters/ROS2/Udemy_ws/install/my_robot_interfaces/share/my_robot_interfaces/cmake/my_robot_interfaces__rosidl_typesupport_cExport.cmake
[5.853s] -- Installing: /home/chris/Desktop/Masters/ROS2/Udemy_ws/install/my_robot_interfaces/share/my_robot_interfaces/cmake/my_robot_interfaces__rosidl_typesupport_cExport-noconfig.cmake
[5.853s] -- Installing: /home/chris/Desktop/Masters/ROS2/Udemy_ws/install/my_robot_interfaces/share/my_robot_interfaces/cmake/export_my_robot_interfaces__rosidl_generator_cppExport.cmake
[5.853s] -- Installing: /home/chris/Desktop/Masters/ROS2/Udemy_ws/install/my_robot_interfaces/share/my_robot_interfaces/cmake/export_my_robot_interfaces__rosidl_typesupport_fastrtps_cppExport.cmake
[5.853s] -- Installing: /home/chris/Desktop/Masters/ROS2/Udemy_ws/install/my_robot_interfaces/share/my_robot_interfaces/cmake/export_my_robot_interfaces__rosidl_typesupport_fastrtps_cppExport-noconfig.cmake
[5.853s] -- Installing: /home/chris/Desktop/Masters/ROS2/Udemy_ws/install/my_robot_interfaces/share/my_robot_interfaces/cmake/my_robot_interfaces__rosidl_typesupport_introspection_cppExport.cmake
[5.853s] -- Installing: /home/chris/Desktop/Masters/ROS2/Udemy_ws/install/my_robot_interfaces/share/my_robot_interfaces/cmake/my_robot_interfaces__rosidl_typesupport_introspection_cppExport-noconfig.cmake
[5.853s] -- Installing: /home/chris/Desktop/Masters/ROS2/Udemy_ws/install/my_robot_interfaces/share/my_robot_interfaces/cmake/my_robot_interfaces__rosidl_typesupport_cppExport.cmake
[5.853s] -- Installing: /home/chris/Desktop/Masters/ROS2/Udemy_ws/install/my_robot_interfaces/share/my_robot_interfaces/cmake/my_robot_interfaces__rosidl_typesupport_cppExport-noconfig.cmake
[5.853s] -- Installing: /home/chris/Desktop/Masters/ROS2/Udemy_ws/install/my_robot_interfaces/share/my_robot_interfaces/cmake/export_my_robot_interfaces__rosidl_generator_pyExport.cmake
[5.853s] -- Installing: /home/chris/Desktop/Masters/ROS2/Udemy_ws/install/my_robot_interfaces/share/my_robot_interfaces/cmake/export_my_robot_interfaces__rosidl_generator_pyExport-noconfig.cmake
[5.853s] -- Installing: /home/chris/Desktop/Masters/ROS2/Udemy_ws/install/my_robot_interfaces/share/my_robot_interfaces/cmake/rosidl_cmake-extras.cmake
[5.854s] -- Installing: /home/chris/Desktop/Masters/ROS2/Udemy_ws/install/my_robot_interfaces/share/my_robot_interfaces/cmake/ament_cmake_export_include_directories-extras.cmake
[5.854s] -- Installing: /home/chris/Desktop/Masters/ROS2/Udemy_ws/install/my_robot_interfaces/share/my_robot_interfaces/cmake/ament_cmake_export_libraries-extras.cmake
[5.854s] -- Installing: /home/chris/Desktop/Masters/ROS2/Udemy_ws/install/my_robot_interfaces/share/my_robot_interfaces/cmake/ament_cmake_export_targets-extras.cmake
[5.854s] -- Installing: /home/chris/Desktop/Masters/ROS2/Udemy_ws/install/my_robot_interfaces/share/my_robot_interfaces/cmake/rosidl_cmake_export_typesupport_targets-extras.cmake
[5.854s] -- Installing: /home/chris/Desktop/Masters/ROS2/Udemy_ws/install/my_robot_interfaces/share/my_robot_interfaces/cmake/ament_cmake_export_dependencies-extras.cmake
[5.854s] -- Installing: /home/chris/Desktop/Masters/ROS2/Udemy_ws/install/my_robot_interfaces/share/my_robot_interfaces/cmake/rosidl_cmake_export_typesupport_libraries-extras.cmake
[5.854s] -- Installing: /home/chris/Desktop/Masters/ROS2/Udemy_ws/install/my_robot_interfaces/share/my_robot_interfaces/cmake/my_robot_interfacesConfig.cmake
[5.854s] -- Installing: /home/chris/Desktop/Masters/ROS2/Udemy_ws/install/my_robot_interfaces/share/my_robot_interfaces/cmake/my_robot_interfacesConfig-version.cmake
[5.854s] -- Installing: /home/chris/Desktop/Masters/ROS2/Udemy_ws/install/my_robot_interfaces/share/my_robot_interfaces/package.xml
[5.856s] Invoked command in '/home/chris/Desktop/Masters/ROS2/Udemy_ws/build/my_robot_interfaces' returned '0': CMAKE_PREFIX_PATH=/opt/ros/humble /usr/bin/cmake --install /home/chris/Desktop/Masters/ROS2/Udemy_ws/build/my_robot_interfaces
