[0.060s] DEBUG:colcon:Command line arguments: ['/usr/bin/colcon', 'build']
[0.060s] DEBUG:colcon:Parsed command line arguments: Namespace(log_base=None, log_level=None, verb_name='build', build_base='build', install_base='install', merge_install=False, symlink_install=False, test_result_base=None, continue_on_error=False, executor='parallel', parallel_workers=16, event_handlers=None, ignore_user_meta=False, metas=['./colcon.meta'], base_paths=['.'], packages_ignore=None, packages_ignore_regex=None, paths=None, packages_up_to=None, packages_up_to_regex=None, packages_above=None, packages_above_and_dependencies=None, packages_above_depth=None, packages_select_by_dep=None, packages_skip_by_dep=None, packages_skip_up_to=None, packages_select_build_failed=False, packages_skip_build_finished=False, packages_select_test_failures=False, packages_skip_test_passed=False, packages_select=None, packages_skip=None, packages_select_regex=None, packages_skip_regex=None, packages_start=None, packages_end=None, allow_overriding=[], cmake_args=None, cmake_target=None, cmake_target_skip_unavailable=False, cmake_clean_cache=False, cmake_clean_first=False, cmake_force_configure=False, ament_cmake_args=None, catkin_cmake_args=None, catkin_skip_building_tests=False, verb_parser=<colcon_defaults.argument_parser.defaults.DefaultArgumentsDecorator object at 0x7b35fd648340>, verb_extension=<colcon_core.verb.build.BuildVerb object at 0x7b35fd748f10>, main=<bound method BuildVerb.main of <colcon_core.verb.build.BuildVerb object at 0x7b35fd748f10>>)
[0.167s] Level 1:colcon.colcon_core.package_discovery:discover_packages(colcon_meta) check parameters
[0.167s] Level 1:colcon.colcon_core.package_discovery:discover_packages(recursive) check parameters
[0.167s] Level 1:colcon.colcon_core.package_discovery:discover_packages(ignore) check parameters
[0.167s] Level 1:colcon.colcon_core.package_discovery:discover_packages(path) check parameters
[0.167s] Level 1:colcon.colcon_core.package_discovery:discover_packages(colcon_meta) discover
[0.167s] Level 1:colcon.colcon_core.package_discovery:discover_packages(recursive) discover
[0.167s] INFO:colcon.colcon_core.package_discovery:Crawling recursively for packages in '/home/chris/Desktop/Masters/ROS2/Udemy_ws'
[0.167s] Level 1:colcon.colcon_core.package_identification:_identify(.) by extensions ['ignore', 'ignore_ament_install']
[0.167s] Level 1:colcon.colcon_core.package_identification:_identify(.) by extension 'ignore'
[0.167s] Level 1:colcon.colcon_core.package_identification:_identify(.) by extension 'ignore_ament_install'
[0.167s] Level 1:colcon.colcon_core.package_identification:_identify(.) by extensions ['colcon_pkg']
[0.167s] Level 1:colcon.colcon_core.package_identification:_identify(.) by extension 'colcon_pkg'
[0.167s] Level 1:colcon.colcon_core.package_identification:_identify(.) by extensions ['colcon_meta']
[0.167s] Level 1:colcon.colcon_core.package_identification:_identify(.) by extension 'colcon_meta'
[0.167s] Level 1:colcon.colcon_core.package_identification:_identify(.) by extensions ['ros']
[0.167s] Level 1:colcon.colcon_core.package_identification:_identify(.) by extension 'ros'
[0.173s] Level 1:colcon.colcon_core.package_identification:_identify(.) by extensions ['cmake', 'python']
[0.173s] Level 1:colcon.colcon_core.package_identification:_identify(.) by extension 'cmake'
[0.174s] Level 1:colcon.colcon_core.package_identification:_identify(.) by extension 'python'
[0.174s] Level 1:colcon.colcon_core.package_identification:_identify(.) by extensions ['python_setup_py']
[0.174s] Level 1:colcon.colcon_core.package_identification:_identify(.) by extension 'python_setup_py'
[0.174s] Level 1:colcon.colcon_core.package_identification:_identify(build) by extensions ['ignore', 'ignore_ament_install']
[0.174s] Level 1:colcon.colcon_core.package_identification:_identify(build) by extension 'ignore'
[0.174s] Level 1:colcon.colcon_core.package_identification:_identify(build) ignored
[0.174s] Level 1:colcon.colcon_core.package_identification:_identify(install) by extensions ['ignore', 'ignore_ament_install']
[0.174s] Level 1:colcon.colcon_core.package_identification:_identify(install) by extension 'ignore'
[0.174s] Level 1:colcon.colcon_core.package_identification:_identify(install) ignored
[0.174s] Level 1:colcon.colcon_core.package_identification:_identify(log) by extensions ['ignore', 'ignore_ament_install']
[0.174s] Level 1:colcon.colcon_core.package_identification:_identify(log) by extension 'ignore'
[0.174s] Level 1:colcon.colcon_core.package_identification:_identify(log) ignored
[0.174s] Level 1:colcon.colcon_core.package_identification:_identify(src) by extensions ['ignore', 'ignore_ament_install']
[0.174s] Level 1:colcon.colcon_core.package_identification:_identify(src) by extension 'ignore'
[0.174s] Level 1:colcon.colcon_core.package_identification:_identify(src) by extension 'ignore_ament_install'
[0.174s] Level 1:colcon.colcon_core.package_identification:_identify(src) by extensions ['colcon_pkg']
[0.174s] Level 1:colcon.colcon_core.package_identification:_identify(src) by extension 'colcon_pkg'
[0.174s] Level 1:colcon.colcon_core.package_identification:_identify(src) by extensions ['colcon_meta']
[0.174s] Level 1:colcon.colcon_core.package_identification:_identify(src) by extension 'colcon_meta'
[0.174s] Level 1:colcon.colcon_core.package_identification:_identify(src) by extensions ['ros']
[0.174s] Level 1:colcon.colcon_core.package_identification:_identify(src) by extension 'ros'
[0.174s] Level 1:colcon.colcon_core.package_identification:_identify(src) by extensions ['cmake', 'python']
[0.174s] Level 1:colcon.colcon_core.package_identification:_identify(src) by extension 'cmake'
[0.174s] Level 1:colcon.colcon_core.package_identification:_identify(src) by extension 'python'
[0.174s] Level 1:colcon.colcon_core.package_identification:_identify(src) by extensions ['python_setup_py']
[0.174s] Level 1:colcon.colcon_core.package_identification:_identify(src) by extension 'python_setup_py'
[0.174s] Level 1:colcon.colcon_core.package_identification:_identify(src/my_py_pkg) by extensions ['ignore', 'ignore_ament_install']
[0.175s] Level 1:colcon.colcon_core.package_identification:_identify(src/my_py_pkg) by extension 'ignore'
[0.175s] Level 1:colcon.colcon_core.package_identification:_identify(src/my_py_pkg) by extension 'ignore_ament_install'
[0.175s] Level 1:colcon.colcon_core.package_identification:_identify(src/my_py_pkg) by extensions ['colcon_pkg']
[0.175s] Level 1:colcon.colcon_core.package_identification:_identify(src/my_py_pkg) by extension 'colcon_pkg'
[0.175s] Level 1:colcon.colcon_core.package_identification:_identify(src/my_py_pkg) by extensions ['colcon_meta']
[0.175s] Level 1:colcon.colcon_core.package_identification:_identify(src/my_py_pkg) by extension 'colcon_meta'
[0.175s] Level 1:colcon.colcon_core.package_identification:_identify(src/my_py_pkg) by extensions ['ros']
[0.175s] Level 1:colcon.colcon_core.package_identification:_identify(src/my_py_pkg) by extension 'ros'
[0.176s] DEBUG:colcon.colcon_core.package_identification:Package 'src/my_py_pkg' with type 'ros.ament_python' and name 'my_py_pkg'
[0.176s] Level 1:colcon.colcon_core.package_identification:_identify(src/my_robot_interfaces) by extensions ['ignore', 'ignore_ament_install']
[0.176s] Level 1:colcon.colcon_core.package_identification:_identify(src/my_robot_interfaces) by extension 'ignore'
[0.176s] Level 1:colcon.colcon_core.package_identification:_identify(src/my_robot_interfaces) by extension 'ignore_ament_install'
[0.176s] Level 1:colcon.colcon_core.package_identification:_identify(src/my_robot_interfaces) by extensions ['colcon_pkg']
[0.176s] Level 1:colcon.colcon_core.package_identification:_identify(src/my_robot_interfaces) by extension 'colcon_pkg'
[0.176s] Level 1:colcon.colcon_core.package_identification:_identify(src/my_robot_interfaces) by extensions ['colcon_meta']
[0.176s] Level 1:colcon.colcon_core.package_identification:_identify(src/my_robot_interfaces) by extension 'colcon_meta'
[0.176s] Level 1:colcon.colcon_core.package_identification:_identify(src/my_robot_interfaces) by extensions ['ros']
[0.176s] Level 1:colcon.colcon_core.package_identification:_identify(src/my_robot_interfaces) by extension 'ros'
[0.177s] DEBUG:colcon.colcon_core.package_identification:Package 'src/my_robot_interfaces' with type 'ros.ament_cmake' and name 'my_robot_interfaces'
[0.177s] Level 1:colcon.colcon_core.package_discovery:discover_packages(recursive) using defaults
[0.177s] Level 1:colcon.colcon_core.package_discovery:discover_packages(ignore) discover
[0.177s] Level 1:colcon.colcon_core.package_discovery:discover_packages(ignore) using defaults
[0.177s] Level 1:colcon.colcon_core.package_discovery:discover_packages(path) discover
[0.177s] Level 1:colcon.colcon_core.package_discovery:discover_packages(path) using defaults
[0.194s] Level 1:colcon.colcon_core.package_discovery:discover_packages(prefix_path) check parameters
[0.194s] Level 1:colcon.colcon_core.package_discovery:discover_packages(prefix_path) discover
[0.196s] DEBUG:colcon.colcon_installed_package_information.package_discovery:Found 270 installed packages in /opt/ros/humble
[0.196s] Level 1:colcon.colcon_core.package_discovery:discover_packages(prefix_path) using defaults
[0.217s] Level 5:colcon.colcon_core.verb:set package 'my_py_pkg' build argument 'cmake_args' from command line to 'None'
[0.217s] Level 5:colcon.colcon_core.verb:set package 'my_py_pkg' build argument 'cmake_target' from command line to 'None'
[0.217s] Level 5:colcon.colcon_core.verb:set package 'my_py_pkg' build argument 'cmake_target_skip_unavailable' from command line to 'False'
[0.217s] Level 5:colcon.colcon_core.verb:set package 'my_py_pkg' build argument 'cmake_clean_cache' from command line to 'False'
[0.217s] Level 5:colcon.colcon_core.verb:set package 'my_py_pkg' build argument 'cmake_clean_first' from command line to 'False'
[0.217s] Level 5:colcon.colcon_core.verb:set package 'my_py_pkg' build argument 'cmake_force_configure' from command line to 'False'
[0.218s] Level 5:colcon.colcon_core.verb:set package 'my_py_pkg' build argument 'ament_cmake_args' from command line to 'None'
[0.218s] Level 5:colcon.colcon_core.verb:set package 'my_py_pkg' build argument 'catkin_cmake_args' from command line to 'None'
[0.218s] Level 5:colcon.colcon_core.verb:set package 'my_py_pkg' build argument 'catkin_skip_building_tests' from command line to 'False'
[0.218s] DEBUG:colcon.colcon_core.verb:Building package 'my_py_pkg' with the following arguments: {'ament_cmake_args': None, 'build_base': '/home/chris/Desktop/Masters/ROS2/Udemy_ws/build/my_py_pkg', 'catkin_cmake_args': None, 'catkin_skip_building_tests': False, 'cmake_args': None, 'cmake_clean_cache': False, 'cmake_clean_first': False, 'cmake_force_configure': False, 'cmake_target': None, 'cmake_target_skip_unavailable': False, 'install_base': '/home/chris/Desktop/Masters/ROS2/Udemy_ws/install/my_py_pkg', 'merge_install': False, 'path': '/home/chris/Desktop/Masters/ROS2/Udemy_ws/src/my_py_pkg', 'symlink_install': False, 'test_result_base': None}
[0.218s] Level 5:colcon.colcon_core.verb:set package 'my_robot_interfaces' build argument 'cmake_args' from command line to 'None'
[0.218s] Level 5:colcon.colcon_core.verb:set package 'my_robot_interfaces' build argument 'cmake_target' from command line to 'None'
[0.218s] Level 5:colcon.colcon_core.verb:set package 'my_robot_interfaces' build argument 'cmake_target_skip_unavailable' from command line to 'False'
[0.218s] Level 5:colcon.colcon_core.verb:set package 'my_robot_interfaces' build argument 'cmake_clean_cache' from command line to 'False'
[0.218s] Level 5:colcon.colcon_core.verb:set package 'my_robot_interfaces' build argument 'cmake_clean_first' from command line to 'False'
[0.218s] Level 5:colcon.colcon_core.verb:set package 'my_robot_interfaces' build argument 'cmake_force_configure' from command line to 'False'
[0.218s] Level 5:colcon.colcon_core.verb:set package 'my_robot_interfaces' build argument 'ament_cmake_args' from command line to 'None'
[0.218s] Level 5:colcon.colcon_core.verb:set package 'my_robot_interfaces' build argument 'catkin_cmake_args' from command line to 'None'
[0.218s] Level 5:colcon.colcon_core.verb:set package 'my_robot_interfaces' build argument 'catkin_skip_building_tests' from command line to 'False'
[0.218s] DEBUG:colcon.colcon_core.verb:Building package 'my_robot_interfaces' with the following arguments: {'ament_cmake_args': None, 'build_base': '/home/chris/Desktop/Masters/ROS2/Udemy_ws/build/my_robot_interfaces', 'catkin_cmake_args': None, 'catkin_skip_building_tests': False, 'cmake_args': None, 'cmake_clean_cache': False, 'cmake_clean_first': False, 'cmake_force_configure': False, 'cmake_target': None, 'cmake_target_skip_unavailable': False, 'install_base': '/home/chris/Desktop/Masters/ROS2/Udemy_ws/install/my_robot_interfaces', 'merge_install': False, 'path': '/home/chris/Desktop/Masters/ROS2/Udemy_ws/src/my_robot_interfaces', 'symlink_install': False, 'test_result_base': None}
[0.218s] INFO:colcon.colcon_core.executor:Executing jobs using 'parallel' executor
[0.219s] DEBUG:colcon.colcon_parallel_executor.executor.parallel:run_until_complete
[0.219s] INFO:colcon.colcon_ros.task.ament_python.build:Building ROS package in '/home/chris/Desktop/Masters/ROS2/Udemy_ws/src/my_py_pkg' with build type 'ament_python'
[0.219s] Level 1:colcon.colcon_core.shell:create_environment_hook('my_py_pkg', 'ament_prefix_path')
[0.220s] INFO:colcon.colcon_core.plugin_system:Skipping extension 'colcon_core.shell.bat': Not used on non-Windows systems
[0.220s] INFO:colcon.colcon_core.shell:Creating environment hook '/home/chris/Desktop/Masters/ROS2/Udemy_ws/install/my_py_pkg/share/my_py_pkg/hook/ament_prefix_path.ps1'
[0.220s] INFO:colcon.colcon_core.shell:Creating environment descriptor '/home/chris/Desktop/Masters/ROS2/Udemy_ws/install/my_py_pkg/share/my_py_pkg/hook/ament_prefix_path.dsv'
[0.221s] INFO:colcon.colcon_core.shell:Creating environment hook '/home/chris/Desktop/Masters/ROS2/Udemy_ws/install/my_py_pkg/share/my_py_pkg/hook/ament_prefix_path.sh'
[0.221s] INFO:colcon.colcon_core.shell:Skip shell extension 'powershell' for command environment: Not usable outside of PowerShell
[0.221s] DEBUG:colcon.colcon_core.shell:Skip shell extension 'dsv' for command environment
[0.223s] INFO:colcon.colcon_ros.task.ament_cmake.build:Building ROS package in '/home/chris/Desktop/Masters/ROS2/Udemy_ws/src/my_robot_interfaces' with build type 'ament_cmake'
[0.223s] INFO:colcon.colcon_cmake.task.cmake.build:Building CMake package in '/home/chris/Desktop/Masters/ROS2/Udemy_ws/src/my_robot_interfaces'
[0.223s] INFO:colcon.colcon_core.shell:Skip shell extension 'powershell' for command environment: Not usable outside of PowerShell
[0.223s] DEBUG:colcon.colcon_core.shell:Skip shell extension 'dsv' for command environment
[0.377s] INFO:colcon.colcon_core.task.python.build:Building Python package in '/home/chris/Desktop/Masters/ROS2/Udemy_ws/src/my_py_pkg'
[0.378s] INFO:colcon.colcon_core.shell:Skip shell extension 'powershell' for command environment: Not usable outside of PowerShell
[0.378s] DEBUG:colcon.colcon_core.shell:Skip shell extension 'dsv' for command environment
[0.381s] DEBUG:colcon.colcon_core.event_handler.log_command:Invoking command in '/home/chris/Desktop/Masters/ROS2/Udemy_ws/build/my_robot_interfaces': CMAKE_PREFIX_PATH=/opt/ros/humble /usr/bin/cmake /home/chris/Desktop/Masters/ROS2/Udemy_ws/src/my_robot_interfaces -DCMAKE_INSTALL_PREFIX=/home/chris/Desktop/Masters/ROS2/Udemy_ws/install/my_robot_interfaces
[0.580s] DEBUG:colcon.colcon_core.event_handler.log_command:Invoking command in '/home/chris/Desktop/Masters/ROS2/Udemy_ws/src/my_py_pkg': PYTHONPATH=/home/chris/Desktop/Masters/ROS2/Udemy_ws/build/my_py_pkg/prefix_override:/home/chris/Desktop/Masters/ROS2/Udemy_ws/install/my_py_pkg/lib/python3.10/site-packages:${PYTHONPATH} /usr/bin/python3 -W ignore:setup.py install is deprecated setup.py egg_info --egg-base ../../build/my_py_pkg build --build-base /home/chris/Desktop/Masters/ROS2/Udemy_ws/build/my_py_pkg/build install --record /home/chris/Desktop/Masters/ROS2/Udemy_ws/build/my_py_pkg/install.log --single-version-externally-managed install_data
[0.759s] DEBUG:colcon.colcon_core.event_handler.log_command:Invoked command in '/home/chris/Desktop/Masters/ROS2/Udemy_ws/src/my_py_pkg' returned '0': PYTHONPATH=/home/chris/Desktop/Masters/ROS2/Udemy_ws/build/my_py_pkg/prefix_override:/home/chris/Desktop/Masters/ROS2/Udemy_ws/install/my_py_pkg/lib/python3.10/site-packages:${PYTHONPATH} /usr/bin/python3 -W ignore:setup.py install is deprecated setup.py egg_info --egg-base ../../build/my_py_pkg build --build-base /home/chris/Desktop/Masters/ROS2/Udemy_ws/build/my_py_pkg/build install --record /home/chris/Desktop/Masters/ROS2/Udemy_ws/build/my_py_pkg/install.log --single-version-externally-managed install_data
[0.760s] Level 1:colcon.colcon_core.environment:checking '/home/chris/Desktop/Masters/ROS2/Udemy_ws/install/my_py_pkg' for CMake module files
[0.760s] Level 1:colcon.colcon_core.environment:checking '/home/chris/Desktop/Masters/ROS2/Udemy_ws/install/my_py_pkg' for CMake config files
[0.760s] Level 1:colcon.colcon_core.environment:checking '/home/chris/Desktop/Masters/ROS2/Udemy_ws/install/my_py_pkg/lib'
[0.760s] Level 1:colcon.colcon_core.environment:checking '/home/chris/Desktop/Masters/ROS2/Udemy_ws/install/my_py_pkg/bin'
[0.760s] Level 1:colcon.colcon_core.environment:checking '/home/chris/Desktop/Masters/ROS2/Udemy_ws/install/my_py_pkg/lib/pkgconfig/my_py_pkg.pc'
[0.761s] Level 1:colcon.colcon_core.environment:checking '/home/chris/Desktop/Masters/ROS2/Udemy_ws/install/my_py_pkg/lib/python3.10/site-packages'
[0.761s] Level 1:colcon.colcon_core.shell:create_environment_hook('my_py_pkg', 'pythonpath')
[0.761s] INFO:colcon.colcon_core.shell:Creating environment hook '/home/chris/Desktop/Masters/ROS2/Udemy_ws/install/my_py_pkg/share/my_py_pkg/hook/pythonpath.ps1'
[0.761s] INFO:colcon.colcon_core.shell:Creating environment descriptor '/home/chris/Desktop/Masters/ROS2/Udemy_ws/install/my_py_pkg/share/my_py_pkg/hook/pythonpath.dsv'
[0.761s] INFO:colcon.colcon_core.shell:Creating environment hook '/home/chris/Desktop/Masters/ROS2/Udemy_ws/install/my_py_pkg/share/my_py_pkg/hook/pythonpath.sh'
[0.762s] Level 1:colcon.colcon_core.environment:checking '/home/chris/Desktop/Masters/ROS2/Udemy_ws/install/my_py_pkg/bin'
[0.762s] Level 1:colcon.colcon_core.environment:create_environment_scripts_only(my_py_pkg)
[0.762s] INFO:colcon.colcon_core.shell:Creating package script '/home/chris/Desktop/Masters/ROS2/Udemy_ws/install/my_py_pkg/share/my_py_pkg/package.ps1'
[0.762s] INFO:colcon.colcon_core.shell:Creating package descriptor '/home/chris/Desktop/Masters/ROS2/Udemy_ws/install/my_py_pkg/share/my_py_pkg/package.dsv'
[0.763s] INFO:colcon.colcon_core.shell:Creating package script '/home/chris/Desktop/Masters/ROS2/Udemy_ws/install/my_py_pkg/share/my_py_pkg/package.sh'
[0.763s] INFO:colcon.colcon_core.shell:Creating package script '/home/chris/Desktop/Masters/ROS2/Udemy_ws/install/my_py_pkg/share/my_py_pkg/package.bash'
[0.763s] INFO:colcon.colcon_core.shell:Creating package script '/home/chris/Desktop/Masters/ROS2/Udemy_ws/install/my_py_pkg/share/my_py_pkg/package.zsh'
[0.764s] Level 1:colcon.colcon_core.environment:create_file_with_runtime_dependencies(/home/chris/Desktop/Masters/ROS2/Udemy_ws/install/my_py_pkg/share/colcon-core/packages/my_py_pkg)
[2.852s] DEBUG:colcon.colcon_core.event_handler.log_command:Invoked command in '/home/chris/Desktop/Masters/ROS2/Udemy_ws/build/my_robot_interfaces' returned '0': CMAKE_PREFIX_PATH=/opt/ros/humble /usr/bin/cmake /home/chris/Desktop/Masters/ROS2/Udemy_ws/src/my_robot_interfaces -DCMAKE_INSTALL_PREFIX=/home/chris/Desktop/Masters/ROS2/Udemy_ws/install/my_robot_interfaces
[2.852s] DEBUG:colcon.colcon_core.event_handler.log_command:Invoking command in '/home/chris/Desktop/Masters/ROS2/Udemy_ws/build/my_robot_interfaces': CMAKE_PREFIX_PATH=/opt/ros/humble /usr/bin/cmake --build /home/chris/Desktop/Masters/ROS2/Udemy_ws/build/my_robot_interfaces -- -j16 -l16
[5.806s] DEBUG:colcon.colcon_core.event_handler.log_command:Invoked command in '/home/chris/Desktop/Masters/ROS2/Udemy_ws/build/my_robot_interfaces' returned '0': CMAKE_PREFIX_PATH=/opt/ros/humble /usr/bin/cmake --build /home/chris/Desktop/Masters/ROS2/Udemy_ws/build/my_robot_interfaces -- -j16 -l16
[6.034s] DEBUG:colcon.colcon_core.event_handler.log_command:Invoking command in '/home/chris/Desktop/Masters/ROS2/Udemy_ws/build/my_robot_interfaces': CMAKE_PREFIX_PATH=/opt/ros/humble /usr/bin/cmake --install /home/chris/Desktop/Masters/ROS2/Udemy_ws/build/my_robot_interfaces
[6.078s] Level 1:colcon.colcon_core.environment:create_environment_scripts_only(my_robot_interfaces)
[6.079s] DEBUG:colcon.colcon_core.event_handler.log_command:Invoked command in '/home/chris/Desktop/Masters/ROS2/Udemy_ws/build/my_robot_interfaces' returned '0': CMAKE_PREFIX_PATH=/opt/ros/humble /usr/bin/cmake --install /home/chris/Desktop/Masters/ROS2/Udemy_ws/build/my_robot_interfaces
[6.079s] Level 1:colcon.colcon_core.environment:checking '/home/chris/Desktop/Masters/ROS2/Udemy_ws/install/my_robot_interfaces' for CMake module files
[6.079s] Level 1:colcon.colcon_core.environment:checking '/home/chris/Desktop/Masters/ROS2/Udemy_ws/install/my_robot_interfaces' for CMake config files
[6.079s] Level 1:colcon.colcon_core.shell:create_environment_hook('my_robot_interfaces', 'cmake_prefix_path')
[6.080s] INFO:colcon.colcon_core.shell:Creating environment hook '/home/chris/Desktop/Masters/ROS2/Udemy_ws/install/my_robot_interfaces/share/my_robot_interfaces/hook/cmake_prefix_path.ps1'
[6.080s] INFO:colcon.colcon_core.shell:Creating environment descriptor '/home/chris/Desktop/Masters/ROS2/Udemy_ws/install/my_robot_interfaces/share/my_robot_interfaces/hook/cmake_prefix_path.dsv'
[6.080s] INFO:colcon.colcon_core.shell:Creating environment hook '/home/chris/Desktop/Masters/ROS2/Udemy_ws/install/my_robot_interfaces/share/my_robot_interfaces/hook/cmake_prefix_path.sh'
[6.080s] Level 1:colcon.colcon_core.environment:checking '/home/chris/Desktop/Masters/ROS2/Udemy_ws/install/my_robot_interfaces/lib'
[6.080s] Level 1:colcon.colcon_core.shell:create_environment_hook('my_robot_interfaces', 'ld_library_path_lib')
[6.080s] INFO:colcon.colcon_core.shell:Creating environment hook '/home/chris/Desktop/Masters/ROS2/Udemy_ws/install/my_robot_interfaces/share/my_robot_interfaces/hook/ld_library_path_lib.ps1'
[6.081s] INFO:colcon.colcon_core.shell:Creating environment descriptor '/home/chris/Desktop/Masters/ROS2/Udemy_ws/install/my_robot_interfaces/share/my_robot_interfaces/hook/ld_library_path_lib.dsv'
[6.081s] INFO:colcon.colcon_core.shell:Creating environment hook '/home/chris/Desktop/Masters/ROS2/Udemy_ws/install/my_robot_interfaces/share/my_robot_interfaces/hook/ld_library_path_lib.sh'
[6.081s] Level 1:colcon.colcon_core.environment:checking '/home/chris/Desktop/Masters/ROS2/Udemy_ws/install/my_robot_interfaces/bin'
[6.081s] Level 1:colcon.colcon_core.environment:checking '/home/chris/Desktop/Masters/ROS2/Udemy_ws/install/my_robot_interfaces/lib/pkgconfig/my_robot_interfaces.pc'
[6.081s] Level 1:colcon.colcon_core.environment:checking '/home/chris/Desktop/Masters/ROS2/Udemy_ws/install/my_robot_interfaces/lib/python3.10/site-packages'
[6.081s] Level 1:colcon.colcon_core.environment:checking '/home/chris/Desktop/Masters/ROS2/Udemy_ws/install/my_robot_interfaces/bin'
[6.081s] INFO:colcon.colcon_core.shell:Creating package script '/home/chris/Desktop/Masters/ROS2/Udemy_ws/install/my_robot_interfaces/share/my_robot_interfaces/package.ps1'
[6.082s] INFO:colcon.colcon_core.shell:Creating package descriptor '/home/chris/Desktop/Masters/ROS2/Udemy_ws/install/my_robot_interfaces/share/my_robot_interfaces/package.dsv'
[6.082s] INFO:colcon.colcon_core.shell:Creating package script '/home/chris/Desktop/Masters/ROS2/Udemy_ws/install/my_robot_interfaces/share/my_robot_interfaces/package.sh'
[6.082s] INFO:colcon.colcon_core.shell:Creating package script '/home/chris/Desktop/Masters/ROS2/Udemy_ws/install/my_robot_interfaces/share/my_robot_interfaces/package.bash'
[6.082s] INFO:colcon.colcon_core.shell:Creating package script '/home/chris/Desktop/Masters/ROS2/Udemy_ws/install/my_robot_interfaces/share/my_robot_interfaces/package.zsh'
[6.082s] Level 1:colcon.colcon_core.environment:create_file_with_runtime_dependencies(/home/chris/Desktop/Masters/ROS2/Udemy_ws/install/my_robot_interfaces/share/colcon-core/packages/my_robot_interfaces)
[6.263s] Level 1:colcon.colcon_core.environment:create_environment_scripts_only(my_robot_interfaces)
[6.264s] Level 1:colcon.colcon_core.environment:checking '/home/chris/Desktop/Masters/ROS2/Udemy_ws/install/my_robot_interfaces' for CMake module files
[6.266s] Level 1:colcon.colcon_core.environment:checking '/home/chris/Desktop/Masters/ROS2/Udemy_ws/install/my_robot_interfaces' for CMake config files
[6.267s] Level 1:colcon.colcon_core.shell:create_environment_hook('my_robot_interfaces', 'cmake_prefix_path')
[6.268s] INFO:colcon.colcon_core.shell:Creating environment hook '/home/chris/Desktop/Masters/ROS2/Udemy_ws/install/my_robot_interfaces/share/my_robot_interfaces/hook/cmake_prefix_path.ps1'
[6.268s] INFO:colcon.colcon_core.shell:Creating environment descriptor '/home/chris/Desktop/Masters/ROS2/Udemy_ws/install/my_robot_interfaces/share/my_robot_interfaces/hook/cmake_prefix_path.dsv'
[6.269s] INFO:colcon.colcon_core.shell:Creating environment hook '/home/chris/Desktop/Masters/ROS2/Udemy_ws/install/my_robot_interfaces/share/my_robot_interfaces/hook/cmake_prefix_path.sh'
[6.270s] Level 1:colcon.colcon_core.environment:checking '/home/chris/Desktop/Masters/ROS2/Udemy_ws/install/my_robot_interfaces/lib'
[6.271s] Level 1:colcon.colcon_core.shell:create_environment_hook('my_robot_interfaces', 'ld_library_path_lib')
[6.271s] INFO:colcon.colcon_core.shell:Creating environment hook '/home/chris/Desktop/Masters/ROS2/Udemy_ws/install/my_robot_interfaces/share/my_robot_interfaces/hook/ld_library_path_lib.ps1'
[6.272s] INFO:colcon.colcon_core.shell:Creating environment descriptor '/home/chris/Desktop/Masters/ROS2/Udemy_ws/install/my_robot_interfaces/share/my_robot_interfaces/hook/ld_library_path_lib.dsv'
[6.273s] INFO:colcon.colcon_core.shell:Creating environment hook '/home/chris/Desktop/Masters/ROS2/Udemy_ws/install/my_robot_interfaces/share/my_robot_interfaces/hook/ld_library_path_lib.sh'
[6.274s] Level 1:colcon.colcon_core.environment:checking '/home/chris/Desktop/Masters/ROS2/Udemy_ws/install/my_robot_interfaces/bin'
[6.274s] Level 1:colcon.colcon_core.environment:checking '/home/chris/Desktop/Masters/ROS2/Udemy_ws/install/my_robot_interfaces/lib/pkgconfig/my_robot_interfaces.pc'
[6.274s] Level 1:colcon.colcon_core.environment:checking '/home/chris/Desktop/Masters/ROS2/Udemy_ws/install/my_robot_interfaces/lib/python3.10/site-packages'
[6.275s] Level 1:colcon.colcon_core.environment:checking '/home/chris/Desktop/Masters/ROS2/Udemy_ws/install/my_robot_interfaces/bin'
[6.276s] INFO:colcon.colcon_core.shell:Creating package script '/home/chris/Desktop/Masters/ROS2/Udemy_ws/install/my_robot_interfaces/share/my_robot_interfaces/package.ps1'
[6.276s] INFO:colcon.colcon_core.shell:Creating package descriptor '/home/chris/Desktop/Masters/ROS2/Udemy_ws/install/my_robot_interfaces/share/my_robot_interfaces/package.dsv'
[6.277s] INFO:colcon.colcon_core.shell:Creating package script '/home/chris/Desktop/Masters/ROS2/Udemy_ws/install/my_robot_interfaces/share/my_robot_interfaces/package.sh'
[6.278s] INFO:colcon.colcon_core.shell:Creating package script '/home/chris/Desktop/Masters/ROS2/Udemy_ws/install/my_robot_interfaces/share/my_robot_interfaces/package.bash'
[6.279s] INFO:colcon.colcon_core.shell:Creating package script '/home/chris/Desktop/Masters/ROS2/Udemy_ws/install/my_robot_interfaces/share/my_robot_interfaces/package.zsh'
[6.279s] Level 1:colcon.colcon_core.environment:create_file_with_runtime_dependencies(/home/chris/Desktop/Masters/ROS2/Udemy_ws/install/my_robot_interfaces/share/colcon-core/packages/my_robot_interfaces)
[6.279s] DEBUG:colcon.colcon_parallel_executor.executor.parallel:closing loop
[6.280s] DEBUG:colcon.colcon_parallel_executor.executor.parallel:loop closed
[6.280s] DEBUG:colcon.colcon_parallel_executor.executor.parallel:run_until_complete finished with '0'
[6.280s] DEBUG:colcon.colcon_core.event_reactor:joining thread
[6.286s] INFO:colcon.colcon_core.plugin_system:Skipping extension 'colcon_notification.desktop_notification.terminal_notifier': Not used on non-Darwin systems
[6.286s] INFO:colcon.colcon_core.plugin_system:Skipping extension 'colcon_notification.desktop_notification.win32': Not used on non-Windows systems
[6.286s] INFO:colcon.colcon_notification.desktop_notification:Sending desktop notification using 'notify2'
[6.298s] DEBUG:colcon.colcon_core.event_reactor:joined thread
[6.299s] INFO:colcon.colcon_core.shell:Creating prefix script '/home/chris/Desktop/Masters/ROS2/Udemy_ws/install/local_setup.ps1'
[6.300s] INFO:colcon.colcon_core.shell:Creating prefix util module '/home/chris/Desktop/Masters/ROS2/Udemy_ws/install/_local_setup_util_ps1.py'
[6.303s] INFO:colcon.colcon_core.shell:Creating prefix chain script '/home/chris/Desktop/Masters/ROS2/Udemy_ws/install/setup.ps1'
[6.304s] INFO:colcon.colcon_core.shell:Creating prefix script '/home/chris/Desktop/Masters/ROS2/Udemy_ws/install/local_setup.sh'
[6.304s] INFO:colcon.colcon_core.shell:Creating prefix util module '/home/chris/Desktop/Masters/ROS2/Udemy_ws/install/_local_setup_util_sh.py'
[6.305s] INFO:colcon.colcon_core.shell:Creating prefix chain script '/home/chris/Desktop/Masters/ROS2/Udemy_ws/install/setup.sh'
[6.306s] INFO:colcon.colcon_core.shell:Creating prefix script '/home/chris/Desktop/Masters/ROS2/Udemy_ws/install/local_setup.bash'
[6.306s] INFO:colcon.colcon_core.shell:Creating prefix chain script '/home/chris/Desktop/Masters/ROS2/Udemy_ws/install/setup.bash'
[6.307s] INFO:colcon.colcon_core.shell:Creating prefix script '/home/chris/Desktop/Masters/ROS2/Udemy_ws/install/local_setup.zsh'
[6.308s] INFO:colcon.colcon_core.shell:Creating prefix chain script '/home/chris/Desktop/Masters/ROS2/Udemy_ws/install/setup.zsh'
