[0.357s] Invoking command in '/home/chris/Desktop/Masters/ROS2/Udemy_ws/src/my_py_pkg': PYTHONPATH=/home/chris/Desktop/Masters/ROS2/Udemy_ws/build/my_py_pkg/prefix_override:/home/chris/Desktop/Masters/ROS2/Udemy_ws/install/my_py_pkg/lib/python3.10/site-packages:${PYTHONPATH} /usr/bin/python3 -W ignore:setup.py install is deprecated setup.py egg_info --egg-base ../../build/my_py_pkg build --build-base /home/chris/Desktop/Masters/ROS2/Udemy_ws/build/my_py_pkg/build install --record /home/chris/Desktop/Masters/ROS2/Udemy_ws/build/my_py_pkg/install.log --single-version-externally-managed install_data
[0.501s] running egg_info
[0.501s] writing ../../build/my_py_pkg/my_py_pkg.egg-info/PKG-INFO
[0.501s] writing dependency_links to ../../build/my_py_pkg/my_py_pkg.egg-info/dependency_links.txt
[0.502s] writing entry points to ../../build/my_py_pkg/my_py_pkg.egg-info/entry_points.txt
[0.502s] writing requirements to ../../build/my_py_pkg/my_py_pkg.egg-info/requires.txt
[0.502s] writing top-level names to ../../build/my_py_pkg/my_py_pkg.egg-info/top_level.txt
[0.503s] reading manifest file '../../build/my_py_pkg/my_py_pkg.egg-info/SOURCES.txt'
[0.503s] writing manifest file '../../build/my_py_pkg/my_py_pkg.egg-info/SOURCES.txt'
[0.503s] running build
[0.503s] running build_py
[0.503s] copying my_py_pkg/number_counter.py -> /home/chris/Desktop/Masters/ROS2/Udemy_ws/build/my_py_pkg/build/lib/my_py_pkg
[0.504s] copying my_py_pkg/add_two_ints_client_no_oop.py -> /home/chris/Desktop/Masters/ROS2/Udemy_ws/build/my_py_pkg/build/lib/my_py_pkg
[0.504s] copying my_py_pkg/add_two_ints_server.py -> /home/chris/Desktop/Masters/ROS2/Udemy_ws/build/my_py_pkg/build/lib/my_py_pkg
[0.504s] copying my_py_pkg/hw_status_publisher.py -> /home/chris/Desktop/Masters/ROS2/Udemy_ws/build/my_py_pkg/build/lib/my_py_pkg
[0.504s] copying my_py_pkg/number_publisher.py -> /home/chris/Desktop/Masters/ROS2/Udemy_ws/build/my_py_pkg/build/lib/my_py_pkg
[0.504s] copying my_py_pkg/template_python_node.py -> /home/chris/Desktop/Masters/ROS2/Udemy_ws/build/my_py_pkg/build/lib/my_py_pkg
[0.504s] copying my_py_pkg/my_first_node.py -> /home/chris/Desktop/Masters/ROS2/Udemy_ws/build/my_py_pkg/build/lib/my_py_pkg
[0.504s] copying my_py_pkg/led_panel.py -> /home/chris/Desktop/Masters/ROS2/Udemy_ws/build/my_py_pkg/build/lib/my_py_pkg
[0.504s] copying my_py_pkg/smartphone.py -> /home/chris/Desktop/Masters/ROS2/Udemy_ws/build/my_py_pkg/build/lib/my_py_pkg
[0.504s] copying my_py_pkg/battery.py -> /home/chris/Desktop/Masters/ROS2/Udemy_ws/build/my_py_pkg/build/lib/my_py_pkg
[0.504s] copying my_py_pkg/robot_news_station.py -> /home/chris/Desktop/Masters/ROS2/Udemy_ws/build/my_py_pkg/build/lib/my_py_pkg
[0.504s] copying my_py_pkg/add_two_ints_client.py -> /home/chris/Desktop/Masters/ROS2/Udemy_ws/build/my_py_pkg/build/lib/my_py_pkg
[0.504s] running install
[0.504s] running install_lib
[0.505s] copying /home/chris/Desktop/Masters/ROS2/Udemy_ws/build/my_py_pkg/build/lib/my_py_pkg/number_counter.py -> /home/chris/Desktop/Masters/ROS2/Udemy_ws/install/my_py_pkg/lib/python3.10/site-packages/my_py_pkg
[0.505s] copying /home/chris/Desktop/Masters/ROS2/Udemy_ws/build/my_py_pkg/build/lib/my_py_pkg/add_two_ints_client_no_oop.py -> /home/chris/Desktop/Masters/ROS2/Udemy_ws/install/my_py_pkg/lib/python3.10/site-packages/my_py_pkg
[0.505s] copying /home/chris/Desktop/Masters/ROS2/Udemy_ws/build/my_py_pkg/build/lib/my_py_pkg/add_two_ints_server.py -> /home/chris/Desktop/Masters/ROS2/Udemy_ws/install/my_py_pkg/lib/python3.10/site-packages/my_py_pkg
[0.505s] copying /home/chris/Desktop/Masters/ROS2/Udemy_ws/build/my_py_pkg/build/lib/my_py_pkg/hw_status_publisher.py -> /home/chris/Desktop/Masters/ROS2/Udemy_ws/install/my_py_pkg/lib/python3.10/site-packages/my_py_pkg
[0.505s] copying /home/chris/Desktop/Masters/ROS2/Udemy_ws/build/my_py_pkg/build/lib/my_py_pkg/number_publisher.py -> /home/chris/Desktop/Masters/ROS2/Udemy_ws/install/my_py_pkg/lib/python3.10/site-packages/my_py_pkg
[0.505s] copying /home/chris/Desktop/Masters/ROS2/Udemy_ws/build/my_py_pkg/build/lib/my_py_pkg/template_python_node.py -> /home/chris/Desktop/Masters/ROS2/Udemy_ws/install/my_py_pkg/lib/python3.10/site-packages/my_py_pkg
[0.505s] copying /home/chris/Desktop/Masters/ROS2/Udemy_ws/build/my_py_pkg/build/lib/my_py_pkg/my_first_node.py -> /home/chris/Desktop/Masters/ROS2/Udemy_ws/install/my_py_pkg/lib/python3.10/site-packages/my_py_pkg
[0.506s] copying /home/chris/Desktop/Masters/ROS2/Udemy_ws/build/my_py_pkg/build/lib/my_py_pkg/led_panel.py -> /home/chris/Desktop/Masters/ROS2/Udemy_ws/install/my_py_pkg/lib/python3.10/site-packages/my_py_pkg
[0.506s] copying /home/chris/Desktop/Masters/ROS2/Udemy_ws/build/my_py_pkg/build/lib/my_py_pkg/smartphone.py -> /home/chris/Desktop/Masters/ROS2/Udemy_ws/install/my_py_pkg/lib/python3.10/site-packages/my_py_pkg
[0.506s] copying /home/chris/Desktop/Masters/ROS2/Udemy_ws/build/my_py_pkg/build/lib/my_py_pkg/battery.py -> /home/chris/Desktop/Masters/ROS2/Udemy_ws/install/my_py_pkg/lib/python3.10/site-packages/my_py_pkg
[0.506s] copying /home/chris/Desktop/Masters/ROS2/Udemy_ws/build/my_py_pkg/build/lib/my_py_pkg/robot_news_station.py -> /home/chris/Desktop/Masters/ROS2/Udemy_ws/install/my_py_pkg/lib/python3.10/site-packages/my_py_pkg
[0.506s] copying /home/chris/Desktop/Masters/ROS2/Udemy_ws/build/my_py_pkg/build/lib/my_py_pkg/add_two_ints_client.py -> /home/chris/Desktop/Masters/ROS2/Udemy_ws/install/my_py_pkg/lib/python3.10/site-packages/my_py_pkg
[0.506s] byte-compiling /home/chris/Desktop/Masters/ROS2/Udemy_ws/install/my_py_pkg/lib/python3.10/site-packages/my_py_pkg/number_counter.py to number_counter.cpython-310.pyc
[0.506s] byte-compiling /home/chris/Desktop/Masters/ROS2/Udemy_ws/install/my_py_pkg/lib/python3.10/site-packages/my_py_pkg/add_two_ints_client_no_oop.py to add_two_ints_client_no_oop.cpython-310.pyc
[0.506s] byte-compiling /home/chris/Desktop/Masters/ROS2/Udemy_ws/install/my_py_pkg/lib/python3.10/site-packages/my_py_pkg/add_two_ints_server.py to add_two_ints_server.cpython-310.pyc
[0.506s] byte-compiling /home/chris/Desktop/Masters/ROS2/Udemy_ws/install/my_py_pkg/lib/python3.10/site-packages/my_py_pkg/hw_status_publisher.py to hw_status_publisher.cpython-310.pyc
[0.507s] byte-compiling /home/chris/Desktop/Masters/ROS2/Udemy_ws/install/my_py_pkg/lib/python3.10/site-packages/my_py_pkg/number_publisher.py to number_publisher.cpython-310.pyc
[0.507s] byte-compiling /home/chris/Desktop/Masters/ROS2/Udemy_ws/install/my_py_pkg/lib/python3.10/site-packages/my_py_pkg/template_python_node.py to template_python_node.cpython-310.pyc
[0.507s] byte-compiling /home/chris/Desktop/Masters/ROS2/Udemy_ws/install/my_py_pkg/lib/python3.10/site-packages/my_py_pkg/my_first_node.py to my_first_node.cpython-310.pyc
[0.507s] byte-compiling /home/chris/Desktop/Masters/ROS2/Udemy_ws/install/my_py_pkg/lib/python3.10/site-packages/my_py_pkg/led_panel.py to led_panel.cpython-310.pyc
[0.508s] byte-compiling /home/chris/Desktop/Masters/ROS2/Udemy_ws/install/my_py_pkg/lib/python3.10/site-packages/my_py_pkg/smartphone.py to smartphone.cpython-310.pyc
[0.508s] byte-compiling /home/chris/Desktop/Masters/ROS2/Udemy_ws/install/my_py_pkg/lib/python3.10/site-packages/my_py_pkg/battery.py to battery.cpython-310.pyc
[0.508s] byte-compiling /home/chris/Desktop/Masters/ROS2/Udemy_ws/install/my_py_pkg/lib/python3.10/site-packages/my_py_pkg/robot_news_station.py to robot_news_station.cpython-310.pyc
[0.508s] byte-compiling /home/chris/Desktop/Masters/ROS2/Udemy_ws/install/my_py_pkg/lib/python3.10/site-packages/my_py_pkg/add_two_ints_client.py to add_two_ints_client.cpython-310.pyc
[0.509s] running install_data
[0.509s] running install_egg_info
[0.510s] removing '/home/chris/Desktop/Masters/ROS2/Udemy_ws/install/my_py_pkg/lib/python3.10/site-packages/my_py_pkg-0.0.0-py3.10.egg-info' (and everything under it)
[0.510s] Copying ../../build/my_py_pkg/my_py_pkg.egg-info to /home/chris/Desktop/Masters/ROS2/Udemy_ws/install/my_py_pkg/lib/python3.10/site-packages/my_py_pkg-0.0.0-py3.10.egg-info
[0.510s] running install_scripts
[0.523s] writing list of installed files to '/home/chris/Desktop/Masters/ROS2/Udemy_ws/build/my_py_pkg/install.log'
[0.538s] Invoked command in '/home/chris/Desktop/Masters/ROS2/Udemy_ws/src/my_py_pkg' returned '0': PYTHONPATH=/home/chris/Desktop/Masters/ROS2/Udemy_ws/build/my_py_pkg/prefix_override:/home/chris/Desktop/Masters/ROS2/Udemy_ws/install/my_py_pkg/lib/python3.10/site-packages:${PYTHONPATH} /usr/bin/python3 -W ignore:setup.py install is deprecated setup.py egg_info --egg-base ../../build/my_py_pkg build --build-base /home/chris/Desktop/Masters/ROS2/Udemy_ws/build/my_py_pkg/build install --record /home/chris/Desktop/Masters/ROS2/Udemy_ws/build/my_py_pkg/install.log --single-version-externally-managed install_data
