[0.360s] Invoking command in '/home/chris/Desktop/Masters/ROS2/Udemy_ws/src/my_py_pkg': PYTHONPATH=/home/chris/Desktop/Masters/ROS2/Udemy_ws/build/my_py_pkg/prefix_override:/home/chris/Desktop/Masters/ROS2/Udemy_ws/install/my_py_pkg/lib/python3.10/site-packages:${PYTHONPATH} /usr/bin/python3 -W ignore:setup.py install is deprecated setup.py egg_info --egg-base ../../build/my_py_pkg build --build-base /home/chris/Desktop/Masters/ROS2/Udemy_ws/build/my_py_pkg/build install --record /home/chris/Desktop/Masters/ROS2/Udemy_ws/build/my_py_pkg/install.log --single-version-externally-managed install_data
[0.504s] running egg_info
[0.504s] writing ../../build/my_py_pkg/my_py_pkg.egg-info/PKG-INFO
[0.504s] writing dependency_links to ../../build/my_py_pkg/my_py_pkg.egg-info/dependency_links.txt
[0.504s] writing entry points to ../../build/my_py_pkg/my_py_pkg.egg-info/entry_points.txt
[0.505s] writing requirements to ../../build/my_py_pkg/my_py_pkg.egg-info/requires.txt
[0.505s] writing top-level names to ../../build/my_py_pkg/my_py_pkg.egg-info/top_level.txt
[0.505s] reading manifest file '../../build/my_py_pkg/my_py_pkg.egg-info/SOURCES.txt'
[0.506s] writing manifest file '../../build/my_py_pkg/my_py_pkg.egg-info/SOURCES.txt'
[0.506s] running build
[0.506s] running build_py
[0.507s] running install
[0.507s] running install_lib
[0.508s] running install_data
[0.508s] running install_egg_info
[0.509s] removing '/home/chris/Desktop/Masters/ROS2/Udemy_ws/install/my_py_pkg/lib/python3.10/site-packages/my_py_pkg-0.0.0-py3.10.egg-info' (and everything under it)
[0.509s] Copying ../../build/my_py_pkg/my_py_pkg.egg-info to /home/chris/Desktop/Masters/ROS2/Udemy_ws/install/my_py_pkg/lib/python3.10/site-packages/my_py_pkg-0.0.0-py3.10.egg-info
[0.509s] running install_scripts
[0.522s] writing list of installed files to '/home/chris/Desktop/Masters/ROS2/Udemy_ws/build/my_py_pkg/install.log'
[0.539s] Invoked command in '/home/chris/Desktop/Masters/ROS2/Udemy_ws/src/my_py_pkg' returned '0': PYTHONPATH=/home/chris/Desktop/Masters/ROS2/Udemy_ws/build/my_py_pkg/prefix_override:/home/chris/Desktop/Masters/ROS2/Udemy_ws/install/my_py_pkg/lib/python3.10/site-packages:${PYTHONPATH} /usr/bin/python3 -W ignore:setup.py install is deprecated setup.py egg_info --egg-base ../../build/my_py_pkg build --build-base /home/chris/Desktop/Masters/ROS2/Udemy_ws/build/my_py_pkg/build install --record /home/chris/Desktop/Masters/ROS2/Udemy_ws/build/my_py_pkg/install.log --single-version-externally-managed install_data
